<?xml version="1.0" encoding="UTF-8"?>
<testsuite xmlns:xsi="http://www.w3.org/2001/XMLSchema-instance" xsi:noNamespaceSchemaLocation="https://maven.apache.org/surefire/maven-surefire-plugin/xsd/surefire-test-report-3.0.xsd" version="3.0" name="com.product.app.service.ServiceApplicationTests" time="43.62" tests="1" errors="0" skipped="0" failures="0">
  <properties>
[...]
</properties>
  <testcase name="contextLoads" classname="com.product.app.service.ServiceApplicationTests" time="2.637">
    <system-out><![CDATA[11:33:07.546 [main] INFO org.springframework.test.context.support.AnnotationConfigContextLoaderUtils -- Could not detect default configuration classes for test class [com.product.app.service.ServiceApplicationTests]: ServiceApplicationTests does not declare any static, non-private, non-final, nested classes annotated with @Configuration.
11:33:08.448 [main] INFO org.springframework.boot.test.context.SpringBootTestContextBootstrapper -- Found @SpringBootConfiguration com.product.app.service.ServiceApplication for test class com.product.app.service.ServiceApplicationTests

  .   ____          _            __ _ _
 /\\ / ___'_ __ _ _(_)_ __  __ _ \ \ \ \
( ( )\___ | '_ | '_| | '_ \/ _` | \ \ \ \
 \\/  ___)| |_)| | | | | || (_| |  ) ) ) )
  '  |____| .__|_| |_|_| |_\__, | / / / /
 =========|_|==============|___/=/_/_/_/

 :: Spring Boot ::                (v3.3.5)

2024-11-22T11:33:11.671+05:30  INFO 16468 --- [service] [           main] c.p.app.service.ServiceApplicationTests  : Starting ServiceApplicationTests using Java 17.0.12 with PID 16468 (started by prakh in C:\Users\prakh\Downloads\service\service)
2024-11-22T11:33:11.671+05:30  INFO 16468 --- [service] [           main] c.p.app.service.ServiceApplicationTests  : No active profile set, falling back to 1 default profile: "default"
2024-11-22T11:33:11.671+05:30 DEBUG 16468 --- [service] [           main] o.s.boot.SpringApplication               : Loading source class com.product.app.service.ServiceApplication
2024-11-22T11:33:12.119+05:30 DEBUG 16468 --- [service] [           main] o.s.w.c.s.GenericWebApplicationContext   : Refreshing org.springframework.web.context.support.GenericWebApplicationContext@781e7326
2024-11-22T11:33:12.321+05:30 DEBUG 16468 --- [service] [           main] o.s.b.f.s.DefaultListableBeanFactory     : Creating shared instance of singleton bean 'org.springframework.context.annotation.internalConfigurationAnnotationProcessor'
2024-11-22T11:33:12.474+05:30 DEBUG 16468 --- [service] [           main] o.s.b.f.s.DefaultListableBeanFactory     : Creating shared instance of singleton bean 'org.springframework.boot.autoconfigure.internalCachingMetadataReaderFactory'
2024-11-22T11:33:12.842+05:30 DEBUG 16468 --- [service] [           main] o.s.c.a.ClassPathBeanDefinitionScanner   : Identified candidate component class: file [C:\Users\prakh\Downloads\service\service\target\classes\com\product\app\service\Config\RestClientConfig.class]
2024-11-22T11:33:12.866+05:30 DEBUG 16468 --- [service] [           main] o.s.c.a.ClassPathBeanDefinitionScanner   : Identified candidate component class: file [C:\Users\prakh\Downloads\service\service\target\classes\com\product\app\service\Config\SecurityConfig.class]
2024-11-22T11:33:12.869+05:30 DEBUG 16468 --- [service] [           main] o.s.c.a.ClassPathBeanDefinitionScanner   : Identified candidate component class: file [C:\Users\prakh\Downloads\service\service\target\classes\com\product\app\service\Config\SwaggerConfig.class]
2024-11-22T11:33:13.014+05:30 DEBUG 16468 --- [service] [           main] o.s.c.a.ClassPathBeanDefinitionScanner   : Identified candidate component class: file [C:\Users\prakh\Downloads\service\service\target\classes\com\product\app\service\Controller\ProductController.class]
2024-11-22T11:33:13.023+05:30 DEBUG 16468 --- [service] [           main] o.s.c.a.ClassPathBeanDefinitionScanner   : Identified candidate component class: file [C:\Users\prakh\Downloads\service\service\target\classes\com\product\app\service\Controller\UserController.class]
2024-11-22T11:33:13.024+05:30 DEBUG 16468 --- [service] [           main] o.s.c.a.ClassPathBeanDefinitionScanner   : Identified candidate component class: file [C:\Users\prakh\Downloads\service\service\target\classes\com\product\app\service\Controller\WishlistController.class]
2024-11-22T11:33:13.045+05:30 DEBUG 16468 --- [service] [           main] o.s.c.a.ClassPathBeanDefinitionScanner   : Ignored because not a concrete top-level class: file [C:\Users\prakh\Downloads\service\service\target\classes\com\product\app\service\Repository\ProductRepository.class]
2024-11-22T11:33:13.053+05:30 DEBUG 16468 --- [service] [           main] o.s.c.a.ClassPathBeanDefinitionScanner   : Identified candidate component class: file [C:\Users\prakh\Downloads\service\service\target\classes\com\product\app\service\Service\ProductService.class]
2024-11-22T11:33:13.061+05:30 DEBUG 16468 --- [service] [           main] o.s.c.a.ClassPathBeanDefinitionScanner   : Identified candidate component class: file [C:\Users\prakh\Downloads\service\service\target\classes\com\product\app\service\Service\UserService.class]
2024-11-22T11:33:13.063+05:30 DEBUG 16468 --- [service] [           main] o.s.c.a.ClassPathBeanDefinitionScanner   : Identified candidate component class: file [C:\Users\prakh\Downloads\service\service\target\classes\com\product\app\service\Service\WishlistService.class]
2024-11-22T11:33:19.749+05:30  INFO 16468 --- [service] [           main] .s.d.r.c.RepositoryConfigurationDelegate : Bootstrapping Spring Data JPA repositories in DEFAULT mode.
2024-11-22T11:33:19.801+05:30 DEBUG 16468 --- [service] [           main] o.s.b.f.s.DefaultListableBeanFactory     : Creating shared instance of singleton bean 'org.springframework.boot.autoconfigure.AutoConfigurationPackages'
2024-11-22T11:33:19.844+05:30 DEBUG 16468 --- [service] [           main] o.s.b.a.AutoConfigurationPackages        : @EnableAutoConfiguration was declared on a class in the package 'com.product.app.service'. Automatic @Repository and @Entity scanning is enabled.
2024-11-22T11:33:19.849+05:30 DEBUG 16468 --- [service] [           main] .s.d.r.c.RepositoryConfigurationDelegate : Scanning for JPA repositories in packages com.product.app.service.
2024-11-22T11:33:19.894+05:30 DEBUG 16468 --- [service] [           main] o.s.d.r.c.RepositoryComponentProvider    : Identified candidate component class: file [C:\Users\prakh\Downloads\service\service\target\classes\com\product\app\service\Repository\ProductRepository.class]
2024-11-22T11:33:19.896+05:30 DEBUG 16468 --- [service] [           main] o.s.d.r.c.RepositoryComponentProvider    : Identified candidate component class: file [C:\Users\prakh\Downloads\service\service\target\classes\com\product\app\service\Repository\UserRepository.class]
2024-11-22T11:33:20.104+05:30  INFO 16468 --- [service] [           main] .s.d.r.c.RepositoryConfigurationDelegate : Finished Spring Data repository scanning in 247 ms. Found 2 JPA repository interfaces.
2024-11-22T11:33:20.544+05:30 DEBUG 16468 --- [service] [           main] o.s.b.f.s.DefaultListableBeanFactory     : Creating shared instance of singleton bean 'springSecurityHandlerMappingIntrospectorBeanDefinitionRegistryPostProcessor'
2024-11-22T11:33:21.167+05:30 DEBUG 16468 --- [service] [           main] o.s.b.f.s.DefaultListableBeanFactory     : Creating shared instance of singleton bean 'propertySourcesPlaceholderConfigurer'
2024-11-22T11:33:21.178+05:30 DEBUG 16468 --- [service] [           main] o.s.b.f.s.DefaultListableBeanFactory     : Creating shared instance of singleton bean 'org.springframework.boot.test.mock.mockito.MockitoPostProcessor'
2024-11-22T11:33:21.185+05:30 DEBUG 16468 --- [service] [           main] o.s.b.f.s.DefaultListableBeanFactory     : Creating shared instance of singleton bean 'emBeanDefinitionRegistrarPostProcessor'
2024-11-22T11:33:21.185+05:30 DEBUG 16468 --- [service] [           main] o.s.b.f.s.DefaultListableBeanFactory     : Creating shared instance of singleton bean 'org.springframework.boot.sql.init.dependency.DatabaseInitializationDependencyConfigurer$DependsOnDatabaseInitializationPostProcessor'
2024-11-22T11:33:21.498+05:30 DEBUG 16468 --- [service] [           main] o.s.b.f.s.DefaultListableBeanFactory     : Creating shared instance of singleton bean 'org.springframework.context.event.internalEventListenerProcessor'
2024-11-22T11:33:21.498+05:30 DEBUG 16468 --- [service] [           main] o.s.b.f.s.DefaultListableBeanFactory     : Creating shared instance of singleton bean 'conversionServicePostProcessor'
2024-11-22T11:33:21.564+05:30 DEBUG 16468 --- [service] [           main] o.s.b.f.s.DefaultListableBeanFactory     : Creating shared instance of singleton bean 'preserveErrorControllerTargetClassPostProcessor'
2024-11-22T11:33:21.569+05:30 DEBUG 16468 --- [service] [           main] o.s.b.f.s.DefaultListableBeanFactory     : Creating shared instance of singleton bean 'org.springframework.context.event.internalEventListenerFactory'
2024-11-22T11:33:21.569+05:30 DEBUG 16468 --- [service] [           main] o.s.b.f.s.DefaultListableBeanFactory     : Creating shared instance of singleton bean 'org.springframework.transaction.config.internalTransactionalEventListenerFactory'
2024-11-22T11:33:21.580+05:30 DEBUG 16468 --- [service] [           main] o.s.b.f.s.DefaultListableBeanFactory     : Creating shared instance of singleton bean 'org.springframework.boot.test.mock.mockito.MockitoPostProcessor$SpyPostProcessor'
2024-11-22T11:33:21.584+05:30 DEBUG 16468 --- [service] [           main] o.s.b.f.s.DefaultListableBeanFactory     : Creating shared instance of singleton bean 'org.springframework.context.annotation.internalAutowiredAnnotationProcessor'
2024-11-22T11:33:21.588+05:30 DEBUG 16468 --- [service] [           main] o.s.b.f.s.DefaultListableBeanFactory     : Creating shared instance of singleton bean 'org.springframework.context.annotation.internalCommonAnnotationProcessor'
2024-11-22T11:33:21.597+05:30 DEBUG 16468 --- [service] [           main] o.s.b.f.s.DefaultListableBeanFactory     : Creating shared instance of singleton bean 'org.springframework.context.annotation.internalPersistenceAnnotationProcessor'
2024-11-22T11:33:21.605+05:30 DEBUG 16468 --- [service] [           main] o.s.b.f.s.DefaultListableBeanFactory     : Creating shared instance of singleton bean 'org.springframework.boot.context.properties.ConfigurationPropertiesBindingPostProcessor'
2024-11-22T11:33:21.606+05:30 DEBUG 16468 --- [service] [           main] o.s.b.f.s.DefaultListableBeanFactory     : Creating shared instance of singleton bean 'org.springframework.boot.context.internalConfigurationPropertiesBinder'
2024-11-22T11:33:21.617+05:30 DEBUG 16468 --- [service] [           main] o.s.b.f.s.DefaultListableBeanFactory     : Creating shared instance of singleton bean 'jdbcConnectionDetailsHikariBeanPostProcessor'
2024-11-22T11:33:21.630+05:30 DEBUG 16468 --- [service] [           main] o.s.b.f.s.DefaultListableBeanFactory     : Creating shared instance of singleton bean 'org.springframework.aop.config.internalAutoProxyCreator'
2024-11-22T11:33:21.735+05:30 DEBUG 16468 --- [service] [           main] o.s.b.f.s.DefaultListableBeanFactory     : Creating shared instance of singleton bean 'persistenceExceptionTranslationPostProcessor'
2024-11-22T11:33:21.841+05:30 DEBUG 16468 --- [service] [           main] o.s.b.f.s.DefaultListableBeanFactory     : Autowiring by type from bean name 'persistenceExceptionTranslationPostProcessor' via factory method to bean named 'environment'
2024-11-22T11:33:21.874+05:30 DEBUG 16468 --- [service] [           main] o.s.b.f.s.DefaultListableBeanFactory     : Creating shared instance of singleton bean 'webServerFactoryCustomizerBeanPostProcessor'
2024-11-22T11:33:21.879+05:30 DEBUG 16468 --- [service] [           main] o.s.b.f.s.DefaultListableBeanFactory     : Creating shared instance of singleton bean 'errorPageRegistrarBeanPostProcessor'
2024-11-22T11:33:21.879+05:30 DEBUG 16468 --- [service] [           main] o.s.b.f.s.DefaultListableBeanFactory     : Creating shared instance of singleton bean 'healthEndpointGroupsBeanPostProcessor'
2024-11-22T11:33:21.884+05:30 DEBUG 16468 --- [service] [           main] o.s.b.f.s.DefaultListableBeanFactory     : Creating shared instance of singleton bean 'org.springframework.transaction.config.internalTransactionAdvisor'
2024-11-22T11:33:21.885+05:30 DEBUG 16468 --- [service] [           main] o.s.b.f.s.DefaultListableBeanFactory     : Creating shared instance of singleton bean 'org.springframework.transaction.annotation.ProxyTransactionManagementConfiguration'
2024-11-22T11:33:21.979+05:30 DEBUG 16468 --- [service] [           main] .s.a.a.a.ReflectiveAspectJAdvisorFactory : Found AspectJ method: public java.lang.Object io.micrometer.observation.aop.ObservedAspect.observeClass(org.aspectj.lang.ProceedingJoinPoint) throws java.lang.Throwable
2024-11-22T11:33:21.984+05:30 DEBUG 16468 --- [service] [           main] .s.a.a.a.ReflectiveAspectJAdvisorFactory : Found AspectJ method: public java.lang.Object io.micrometer.observation.aop.ObservedAspect.observeMethod(org.aspectj.lang.ProceedingJoinPoint) throws java.lang.Throwable
2024-11-22T11:33:22.760+05:30 DEBUG 16468 --- [service] [           main] o.s.b.f.s.DefaultListableBeanFactory     : Creating shared instance of singleton bean 'transactionAttributeSource'
2024-11-22T11:33:22.774+05:30 DEBUG 16468 --- [service] [           main] o.s.b.f.s.DefaultListableBeanFactory     : Creating shared instance of singleton bean 'transactionInterceptor'
2024-11-22T11:33:22.777+05:30 DEBUG 16468 --- [service] [           main] o.s.b.f.s.DefaultListableBeanFactory     : Autowiring by type from bean name 'transactionInterceptor' via factory method to bean named 'transactionAttributeSource'
2024-11-22T11:33:22.794+05:30 DEBUG 16468 --- [service] [           main] o.s.b.f.s.DefaultListableBeanFactory     : Autowiring by type from bean name 'org.springframework.transaction.config.internalTransactionAdvisor' via factory method to bean named 'transactionAttributeSource'
2024-11-22T11:33:22.794+05:30 DEBUG 16468 --- [service] [           main] o.s.b.f.s.DefaultListableBeanFactory     : Autowiring by type from bean name 'org.springframework.transaction.config.internalTransactionAdvisor' via factory method to bean named 'transactionInterceptor'
2024-11-22T11:33:22.824+05:30 DEBUG 16468 --- [service] [           main] o.s.b.f.s.DefaultListableBeanFactory     : Creating shared instance of singleton bean 'meterRegistryPostProcessor'
2024-11-22T11:33:22.826+05:30 DEBUG 16468 --- [service] [           main] o.s.b.f.s.DefaultListableBeanFactory     : Autowiring by type from bean name 'meterRegistryPostProcessor' via factory method to bean named 'org.springframework.web.context.support.GenericWebApplicationContext@781e7326'
2024-11-22T11:33:22.850+05:30 DEBUG 16468 --- [service] [           main] o.s.b.f.s.DefaultListableBeanFactory     : Creating shared instance of singleton bean 'metricsRepositoryMethodInvocationListenerBeanPostProcessor'
2024-11-22T11:33:22.858+05:30 DEBUG 16468 --- [service] [           main] o.s.b.f.s.DefaultListableBeanFactory     : Creating shared instance of singleton bean 'observationRegistryPostProcessor'
2024-11-22T11:33:22.874+05:30 DEBUG 16468 --- [service] [           main] o.s.b.f.s.DefaultListableBeanFactory     : Creating shared instance of singleton bean 'projectingArgumentResolverBeanPostProcessor'
2024-11-22T11:33:23.034+05:30 DEBUG 16468 --- [service] [           main] o.s.u.c.s.UiApplicationContextUtils      : Unable to locate ThemeSource with name 'themeSource': using default [org.springframework.ui.context.support.ResourceBundleThemeSource@48f2054d]
2024-11-22T11:33:23.041+05:30 DEBUG 16468 --- [service] [           main] o.s.b.f.s.DefaultListableBeanFactory     : Creating shared instance of singleton bean 'dataSourceScriptDatabaseInitializer'
2024-11-22T11:33:23.042+05:30 DEBUG 16468 --- [service] [           main] o.s.b.f.s.DefaultListableBeanFactory     : Creating shared instance of singleton bean 'org.springframework.boot.autoconfigure.sql.init.DataSourceInitializationConfiguration'
2024-11-22T11:33:23.049+05:30 DEBUG 16468 --- [service] [           main] o.s.b.f.s.DefaultListableBeanFactory     : Creating shared instance of singleton bean 'dataSource'
2024-11-22T11:33:23.049+05:30 DEBUG 16468 --- [service] [           main] o.s.b.f.s.DefaultListableBeanFactory     : Creating shared instance of singleton bean 'org.springframework.boot.autoconfigure.jdbc.DataSourceConfiguration$Hikari'
2024-11-22T11:33:23.057+05:30 DEBUG 16468 --- [service] [           main] o.s.b.f.s.DefaultListableBeanFactory     : Creating shared instance of singleton bean 'spring.datasource-org.springframework.boot.autoconfigure.jdbc.DataSourceProperties'
2024-11-22T11:33:23.064+05:30 DEBUG 16468 --- [service] [           main] o.s.b.f.s.DefaultListableBeanFactory     : Creating shared instance of singleton bean 'org.springframework.boot.context.properties.BoundConfigurationProperties'
2024-11-22T11:33:23.159+05:30 DEBUG 16468 --- [service] [           main] o.s.b.f.s.DefaultListableBeanFactory     : Creating shared instance of singleton bean 'jdbcConnectionDetails'
2024-11-22T11:33:23.159+05:30 DEBUG 16468 --- [service] [           main] o.s.b.f.s.DefaultListableBeanFactory     : Creating shared instance of singleton bean 'org.springframework.boot.autoconfigure.jdbc.DataSourceAutoConfiguration$PooledDataSourceConfiguration'
2024-11-22T11:33:23.169+05:30 DEBUG 16468 --- [service] [           main] o.s.b.f.s.DefaultListableBeanFactory     : Autowiring by type from bean name 'jdbcConnectionDetails' via factory method to bean named 'spring.datasource-org.springframework.boot.autoconfigure.jdbc.DataSourceProperties'
2024-11-22T11:33:23.177+05:30 DEBUG 16468 --- [service] [           main] o.s.b.f.s.DefaultListableBeanFactory     : Autowiring by type from bean name 'dataSource' via factory method to bean named 'spring.datasource-org.springframework.boot.autoconfigure.jdbc.DataSourceProperties'
2024-11-22T11:33:23.177+05:30 DEBUG 16468 --- [service] [           main] o.s.b.f.s.DefaultListableBeanFactory     : Autowiring by type from bean name 'dataSource' via factory method to bean named 'jdbcConnectionDetails'
2024-11-22T11:33:23.414+05:30 DEBUG 16468 --- [service] [           main] o.s.b.f.s.DefaultListableBeanFactory     : Creating shared instance of singleton bean 'spring.sql.init-org.springframework.boot.autoconfigure.sql.init.SqlInitializationProperties'
2024-11-22T11:33:23.431+05:30 DEBUG 16468 --- [service] [           main] o.s.b.f.s.DefaultListableBeanFactory     : Autowiring by type from bean name 'dataSourceScriptDatabaseInitializer' via factory method to bean named 'dataSource'
2024-11-22T11:33:23.431+05:30 DEBUG 16468 --- [service] [           main] o.s.b.f.s.DefaultListableBeanFactory     : Autowiring by type from bean name 'dataSourceScriptDatabaseInitializer' via factory method to bean named 'spring.sql.init-org.springframework.boot.autoconfigure.sql.init.SqlInitializationProperties'
2024-11-22T11:33:23.454+05:30 DEBUG 16468 --- [service] [           main] o.s.b.f.s.DefaultListableBeanFactory     : Creating shared instance of singleton bean 'entityManagerFactory'
2024-11-22T11:33:23.456+05:30 DEBUG 16468 --- [service] [           main] o.s.b.f.s.DefaultListableBeanFactory     : Creating shared instance of singleton bean 'org.springframework.boot.autoconfigure.orm.jpa.HibernateJpaConfiguration'
2024-11-22T11:33:23.464+05:30 DEBUG 16468 --- [service] [           main] o.s.b.f.s.DefaultListableBeanFactory     : Creating shared instance of singleton bean 'spring.jpa-org.springframework.boot.autoconfigure.orm.jpa.JpaProperties'
2024-11-22T11:33:23.495+05:30 DEBUG 16468 --- [service] [           main] o.s.b.f.s.DefaultListableBeanFactory     : Creating shared instance of singleton bean 'spring.jpa.hibernate-org.springframework.boot.autoconfigure.orm.jpa.HibernateProperties'
2024-11-22T11:33:23.504+05:30 DEBUG 16468 --- [service] [           main] o.s.b.f.s.DefaultListableBeanFactory     : Autowiring by type from bean name 'org.springframework.boot.autoconfigure.orm.jpa.HibernateJpaConfiguration' via constructor to bean named 'dataSource'
2024-11-22T11:33:23.509+05:30 DEBUG 16468 --- [service] [           main] o.s.b.f.s.DefaultListableBeanFactory     : Autowiring by type from bean name 'org.springframework.boot.autoconfigure.orm.jpa.HibernateJpaConfiguration' via constructor to bean named 'spring.jpa-org.springframework.boot.autoconfigure.orm.jpa.JpaProperties'
2024-11-22T11:33:23.511+05:30 DEBUG 16468 --- [service] [           main] o.s.b.f.s.DefaultListableBeanFactory     : Autowiring by type from bean name 'org.springframework.boot.autoconfigure.orm.jpa.HibernateJpaConfiguration' via constructor to bean named 'org.springframework.beans.factory.support.DefaultListableBeanFactory@68105edc'
2024-11-22T11:33:23.511+05:30 DEBUG 16468 --- [service] [           main] o.s.b.f.s.DefaultListableBeanFactory     : Autowiring by type from bean name 'org.springframework.boot.autoconfigure.orm.jpa.HibernateJpaConfiguration' via constructor to bean named 'spring.jpa.hibernate-org.springframework.boot.autoconfigure.orm.jpa.HibernateProperties'
2024-11-22T11:33:23.517+05:30 DEBUG 16468 --- [service] [           main] o.s.b.f.s.DefaultListableBeanFactory     : Creating shared instance of singleton bean 'hikariPoolDataSourceMetadataProvider'
2024-11-22T11:33:23.519+05:30 DEBUG 16468 --- [service] [           main] o.s.b.f.s.DefaultListableBeanFactory     : Creating shared instance of singleton bean 'org.springframework.boot.autoconfigure.jdbc.metadata.DataSourcePoolMetadataProvidersConfiguration$HikariPoolDataSourceMetadataProviderConfiguration'
2024-11-22T11:33:23.592+05:30 DEBUG 16468 --- [service] [           main] o.s.b.f.s.DefaultListableBeanFactory     : Creating shared instance of singleton bean 'entityManagerFactoryBuilder'
2024-11-22T11:33:23.597+05:30 DEBUG 16468 --- [service] [           main] o.s.b.f.s.DefaultListableBeanFactory     : Creating shared instance of singleton bean 'jpaVendorAdapter'
2024-11-22T11:33:23.714+05:30 DEBUG 16468 --- [service] [           main] o.s.b.f.s.DefaultListableBeanFactory     : Autowiring by type from bean name 'entityManagerFactoryBuilder' via factory method to bean named 'jpaVendorAdapter'
2024-11-22T11:33:23.724+05:30 DEBUG 16468 --- [service] [           main] o.s.b.f.s.DefaultListableBeanFactory     : Creating shared instance of singleton bean 'persistenceManagedTypes'
2024-11-22T11:33:23.727+05:30 DEBUG 16468 --- [service] [           main] o.s.b.f.s.DefaultListableBeanFactory     : Autowiring by type from bean name 'persistenceManagedTypes' via factory method to bean named 'org.springframework.beans.factory.support.DefaultListableBeanFactory@68105edc'
2024-11-22T11:33:23.727+05:30 DEBUG 16468 --- [service] [           main] o.s.b.f.s.DefaultListableBeanFactory     : Autowiring by type from bean name 'persistenceManagedTypes' via factory method to bean named 'org.springframework.web.context.support.GenericWebApplicationContext@781e7326'
2024-11-22T11:33:23.754+05:30 DEBUG 16468 --- [service] [           main] o.s.b.f.s.DefaultListableBeanFactory     : Autowiring by type from bean name 'entityManagerFactory' via factory method to bean named 'entityManagerFactoryBuilder'
2024-11-22T11:33:23.754+05:30 DEBUG 16468 --- [service] [           main] o.s.b.f.s.DefaultListableBeanFactory     : Autowiring by type from bean name 'entityManagerFactory' via factory method to bean named 'persistenceManagedTypes'
2024-11-22T11:33:23.934+05:30 DEBUG 16468 --- [service] [           main] j.LocalContainerEntityManagerFactoryBean : Building JPA container EntityManagerFactory for persistence unit 'default'
2024-11-22T11:33:24.055+05:30 DEBUG 16468 --- [service] [           main] o.hibernate.jpa.internal.util.LogHelper  : PersistenceUnitInfo [
	name: default
	persistence provider classname: null
	classloader: jdk.internal.loader.ClassLoaders$AppClassLoader@73d16e93
	excludeUnlistedClasses: true
	JTA datasource: null
	Non JTA datasource: HikariDataSource (null)
	Transaction type: RESOURCE_LOCAL
	PU root URL: file:/C:/Users/prakh/Downloads/service/service/target/test-classes/
	Shared Cache Mode: UNSPECIFIED
	Validation Mode: AUTO
	Jar files URLs []
	Managed classes names [
		com.product.app.service.Models.Product
		com.product.app.service.Models.User]
	Mapping files names []
	Properties []
2024-11-22T11:33:24.127+05:30 DEBUG 16468 --- [service] [           main] o.h.i.internal.IntegratorServiceImpl     : Adding Integrator [org.hibernate.boot.beanvalidation.BeanValidationIntegrator].
2024-11-22T11:33:24.132+05:30 DEBUG 16468 --- [service] [           main] o.h.i.internal.IntegratorServiceImpl     : Adding Integrator [org.hibernate.cache.internal.CollectionCacheInvalidator].
2024-11-22T11:33:24.437+05:30  INFO 16468 --- [service] [           main] org.hibernate.Version                    : HHH000412: Hibernate ORM core version 6.5.3.Final
2024-11-22T11:33:24.441+05:30 DEBUG 16468 --- [service] [           main] org.hibernate.cfg.Environment            : HHH000206: 'hibernate.properties' not found
2024-11-22T11:33:24.598+05:30 DEBUG 16468 --- [service] [           main] org.hibernate.orm.idgen.factory          : Registering IdentifierGenerator strategy [uuid2] -> [org.hibernate.id.UUIDGenerator]
2024-11-22T11:33:24.598+05:30 DEBUG 16468 --- [service] [           main] org.hibernate.orm.idgen.factory          : Registering IdentifierGenerator strategy [guid] -> [org.hibernate.id.GUIDGenerator]
2024-11-22T11:33:24.608+05:30 DEBUG 16468 --- [service] [           main] org.hibernate.orm.idgen.factory          : Registering IdentifierGenerator strategy [uuid] -> [org.hibernate.id.UUIDHexGenerator]
2024-11-22T11:33:24.608+05:30 DEBUG 16468 --- [service] [           main] org.hibernate.orm.idgen.factory          : Registering IdentifierGenerator strategy [uuid.hex] -> [org.hibernate.id.UUIDHexGenerator]
2024-11-22T11:33:24.608+05:30 DEBUG 16468 --- [service] [           main] org.hibernate.orm.idgen.factory          : Registering IdentifierGenerator strategy [assigned] -> [org.hibernate.id.Assigned]
2024-11-22T11:33:24.626+05:30 DEBUG 16468 --- [service] [           main] org.hibernate.orm.idgen.factory          : Registering IdentifierGenerator strategy [identity] -> [org.hibernate.id.IdentityGenerator]
2024-11-22T11:33:24.631+05:30 DEBUG 16468 --- [service] [           main] org.hibernate.orm.idgen.factory          : Registering IdentifierGenerator strategy [select] -> [org.hibernate.id.SelectGenerator]
2024-11-22T11:33:24.640+05:30 DEBUG 16468 --- [service] [           main] org.hibernate.orm.idgen.factory          : Registering IdentifierGenerator strategy [sequence] -> [org.hibernate.id.enhanced.SequenceStyleGenerator]
2024-11-22T11:33:24.646+05:30 DEBUG 16468 --- [service] [           main] org.hibernate.orm.idgen.factory          : Registering IdentifierGenerator strategy [increment] -> [org.hibernate.id.IncrementGenerator]
2024-11-22T11:33:24.648+05:30 DEBUG 16468 --- [service] [           main] org.hibernate.orm.idgen.factory          : Registering IdentifierGenerator strategy [foreign] -> [org.hibernate.id.ForeignGenerator]
2024-11-22T11:33:24.648+05:30 DEBUG 16468 --- [service] [           main] org.hibernate.orm.idgen.factory          : Registering IdentifierGenerator strategy [enhanced-sequence] -> [org.hibernate.id.enhanced.SequenceStyleGenerator]
2024-11-22T11:33:24.660+05:30 DEBUG 16468 --- [service] [           main] org.hibernate.orm.idgen.factory          : Registering IdentifierGenerator strategy [enhanced-table] -> [org.hibernate.id.enhanced.TableGenerator]
2024-11-22T11:33:24.727+05:30 DEBUG 16468 --- [service] [           main] o.h.c.internal.RegionFactoryInitiator    : Cannot default RegionFactory based on registered strategies as `[]` RegionFactory strategies were registered
2024-11-22T11:33:24.727+05:30  INFO 16468 --- [service] [           main] o.h.c.internal.RegionFactoryInitiator    : HHH000026: Second-level cache disabled
2024-11-22T11:33:25.191+05:30 DEBUG 16468 --- [service] [           main] org.hibernate.type.BasicTypeRegistry     : Adding type registration boolean -> org.hibernate.type.BasicTypeReference@625264ed
2024-11-22T11:33:25.191+05:30 DEBUG 16468 --- [service] [           main] org.hibernate.type.BasicTypeRegistry     : Adding type registration boolean -> org.hibernate.type.BasicTypeReference@625264ed
2024-11-22T11:33:25.194+05:30 DEBUG 16468 --- [service] [           main] org.hibernate.type.BasicTypeRegistry     : Adding type registration java.lang.Boolean -> org.hibernate.type.BasicTypeReference@625264ed
2024-11-22T11:33:25.194+05:30 DEBUG 16468 --- [service] [           main] org.hibernate.type.BasicTypeRegistry     : Adding type registration numeric_boolean -> org.hibernate.type.BasicTypeReference@559fd5ec
2024-11-22T11:33:25.194+05:30 DEBUG 16468 --- [service] [           main] org.hibernate.type.BasicTypeRegistry     : Adding type registration org.hibernate.type.NumericBooleanConverter -> org.hibernate.type.BasicTypeReference@559fd5ec
2024-11-22T11:33:25.194+05:30 DEBUG 16468 --- [service] [           main] org.hibernate.type.BasicTypeRegistry     : Adding type registration true_false -> org.hibernate.type.BasicTypeReference@bb12f41
2024-11-22T11:33:25.194+05:30 DEBUG 16468 --- [service] [           main] org.hibernate.type.BasicTypeRegistry     : Adding type registration org.hibernate.type.TrueFalseConverter -> org.hibernate.type.BasicTypeReference@bb12f41
2024-11-22T11:33:25.194+05:30 DEBUG 16468 --- [service] [           main] org.hibernate.type.BasicTypeRegistry     : Adding type registration yes_no -> org.hibernate.type.BasicTypeReference@708dfe10
2024-11-22T11:33:25.194+05:30 DEBUG 16468 --- [service] [           main] org.hibernate.type.BasicTypeRegistry     : Adding type registration org.hibernate.type.YesNoConverter -> org.hibernate.type.BasicTypeReference@708dfe10
2024-11-22T11:33:25.194+05:30 DEBUG 16468 --- [service] [           main] org.hibernate.type.BasicTypeRegistry     : Adding type registration byte -> org.hibernate.type.BasicTypeReference@18989e0
2024-11-22T11:33:25.194+05:30 DEBUG 16468 --- [service] [           main] org.hibernate.type.BasicTypeRegistry     : Adding type registration byte -> org.hibernate.type.BasicTypeReference@18989e0
2024-11-22T11:33:25.194+05:30 DEBUG 16468 --- [service] [           main] org.hibernate.type.BasicTypeRegistry     : Adding type registration java.lang.Byte -> org.hibernate.type.BasicTypeReference@18989e0
2024-11-22T11:33:25.194+05:30 DEBUG 16468 --- [service] [           main] org.hibernate.type.BasicTypeRegistry     : Adding type registration binary -> org.hibernate.type.BasicTypeReference@2a120c88
2024-11-22T11:33:25.194+05:30 DEBUG 16468 --- [service] [           main] org.hibernate.type.BasicTypeRegistry     : Adding type registration byte[] -> org.hibernate.type.BasicTypeReference@2a120c88
2024-11-22T11:33:25.197+05:30 DEBUG 16468 --- [service] [           main] org.hibernate.type.BasicTypeRegistry     : Adding type registration [B -> org.hibernate.type.BasicTypeReference@2a120c88
2024-11-22T11:33:25.197+05:30 DEBUG 16468 --- [service] [           main] org.hibernate.type.BasicTypeRegistry     : Adding type registration binary_wrapper -> org.hibernate.type.BasicTypeReference@285bf5ac
2024-11-22T11:33:25.197+05:30 DEBUG 16468 --- [service] [           main] org.hibernate.type.BasicTypeRegistry     : Adding type registration wrapper-binary -> org.hibernate.type.BasicTypeReference@285bf5ac
2024-11-22T11:33:25.197+05:30 DEBUG 16468 --- [service] [           main] org.hibernate.type.BasicTypeRegistry     : Adding type registration image -> org.hibernate.type.BasicTypeReference@3739f3c9
2024-11-22T11:33:25.197+05:30 DEBUG 16468 --- [service] [           main] org.hibernate.type.BasicTypeRegistry     : Adding type registration blob -> org.hibernate.type.BasicTypeReference@7ab2ba47
2024-11-22T11:33:25.197+05:30 DEBUG 16468 --- [service] [           main] org.hibernate.type.BasicTypeRegistry     : Adding type registration java.sql.Blob -> org.hibernate.type.BasicTypeReference@7ab2ba47
2024-11-22T11:33:25.197+05:30 DEBUG 16468 --- [service] [           main] org.hibernate.type.BasicTypeRegistry     : Adding type registration materialized_blob -> org.hibernate.type.BasicTypeReference@40fe8fd5
2024-11-22T11:33:25.197+05:30 DEBUG 16468 --- [service] [           main] org.hibernate.type.BasicTypeRegistry     : Adding type registration materialized_blob_wrapper -> org.hibernate.type.BasicTypeReference@37ffe4f3
2024-11-22T11:33:25.197+05:30 DEBUG 16468 --- [service] [           main] org.hibernate.type.BasicTypeRegistry     : Adding type registration short -> org.hibernate.type.BasicTypeReference@4fa0ee7e
2024-11-22T11:33:25.197+05:30 DEBUG 16468 --- [service] [           main] org.hibernate.type.BasicTypeRegistry     : Adding type registration short -> org.hibernate.type.BasicTypeReference@4fa0ee7e
2024-11-22T11:33:25.197+05:30 DEBUG 16468 --- [service] [           main] org.hibernate.type.BasicTypeRegistry     : Adding type registration java.lang.Short -> org.hibernate.type.BasicTypeReference@4fa0ee7e
2024-11-22T11:33:25.197+05:30 DEBUG 16468 --- [service] [           main] org.hibernate.type.BasicTypeRegistry     : Adding type registration integer -> org.hibernate.type.BasicTypeReference@202f054f
2024-11-22T11:33:25.197+05:30 DEBUG 16468 --- [service] [           main] org.hibernate.type.BasicTypeRegistry     : Adding type registration int -> org.hibernate.type.BasicTypeReference@202f054f
2024-11-22T11:33:25.197+05:30 DEBUG 16468 --- [service] [           main] org.hibernate.type.BasicTypeRegistry     : Adding type registration java.lang.Integer -> org.hibernate.type.BasicTypeReference@202f054f
2024-11-22T11:33:25.197+05:30 DEBUG 16468 --- [service] [           main] org.hibernate.type.BasicTypeRegistry     : Adding type registration long -> org.hibernate.type.BasicTypeReference@141bb6b8
2024-11-22T11:33:25.197+05:30 DEBUG 16468 --- [service] [           main] org.hibernate.type.BasicTypeRegistry     : Adding type registration long -> org.hibernate.type.BasicTypeReference@141bb6b8
2024-11-22T11:33:25.197+05:30 DEBUG 16468 --- [service] [           main] org.hibernate.type.BasicTypeRegistry     : Adding type registration java.lang.Long -> org.hibernate.type.BasicTypeReference@141bb6b8
2024-11-22T11:33:25.197+05:30 DEBUG 16468 --- [service] [           main] org.hibernate.type.BasicTypeRegistry     : Adding type registration float -> org.hibernate.type.BasicTypeReference@5c8b10b4
2024-11-22T11:33:25.197+05:30 DEBUG 16468 --- [service] [           main] org.hibernate.type.BasicTypeRegistry     : Adding type registration float -> org.hibernate.type.BasicTypeReference@5c8b10b4
2024-11-22T11:33:25.197+05:30 DEBUG 16468 --- [service] [           main] org.hibernate.type.BasicTypeRegistry     : Adding type registration java.lang.Float -> org.hibernate.type.BasicTypeReference@5c8b10b4
2024-11-22T11:33:25.197+05:30 DEBUG 16468 --- [service] [           main] org.hibernate.type.BasicTypeRegistry     : Adding type registration double -> org.hibernate.type.BasicTypeReference@1410d645
2024-11-22T11:33:25.197+05:30 DEBUG 16468 --- [service] [           main] org.hibernate.type.BasicTypeRegistry     : Adding type registration double -> org.hibernate.type.BasicTypeReference@1410d645
2024-11-22T11:33:25.197+05:30 DEBUG 16468 --- [service] [           main] org.hibernate.type.BasicTypeRegistry     : Adding type registration java.lang.Double -> org.hibernate.type.BasicTypeReference@1410d645
2024-11-22T11:33:25.197+05:30 DEBUG 16468 --- [service] [           main] org.hibernate.type.BasicTypeRegistry     : Adding type registration big_integer -> org.hibernate.type.BasicTypeReference@4ccdacf5
2024-11-22T11:33:25.197+05:30 DEBUG 16468 --- [service] [           main] org.hibernate.type.BasicTypeRegistry     : Adding type registration java.math.BigInteger -> org.hibernate.type.BasicTypeReference@4ccdacf5
2024-11-22T11:33:25.197+05:30 DEBUG 16468 --- [service] [           main] org.hibernate.type.BasicTypeRegistry     : Adding type registration big_decimal -> org.hibernate.type.BasicTypeReference@5aa6da2
2024-11-22T11:33:25.197+05:30 DEBUG 16468 --- [service] [           main] org.hibernate.type.BasicTypeRegistry     : Adding type registration java.math.BigDecimal -> org.hibernate.type.BasicTypeReference@5aa6da2
2024-11-22T11:33:25.197+05:30 DEBUG 16468 --- [service] [           main] org.hibernate.type.BasicTypeRegistry     : Adding type registration character -> org.hibernate.type.BasicTypeReference@1a0d313
2024-11-22T11:33:25.197+05:30 DEBUG 16468 --- [service] [           main] org.hibernate.type.BasicTypeRegistry     : Adding type registration char -> org.hibernate.type.BasicTypeReference@1a0d313
2024-11-22T11:33:25.197+05:30 DEBUG 16468 --- [service] [           main] org.hibernate.type.BasicTypeRegistry     : Adding type registration java.lang.Character -> org.hibernate.type.BasicTypeReference@1a0d313
2024-11-22T11:33:25.197+05:30 DEBUG 16468 --- [service] [           main] org.hibernate.type.BasicTypeRegistry     : Adding type registration character_nchar -> org.hibernate.type.BasicTypeReference@13908f9c
2024-11-22T11:33:25.197+05:30 DEBUG 16468 --- [service] [           main] org.hibernate.type.BasicTypeRegistry     : Adding type registration string -> org.hibernate.type.BasicTypeReference@329b331f
2024-11-22T11:33:25.197+05:30 DEBUG 16468 --- [service] [           main] org.hibernate.type.BasicTypeRegistry     : Adding type registration java.lang.String -> org.hibernate.type.BasicTypeReference@329b331f
2024-11-22T11:33:25.197+05:30 DEBUG 16468 --- [service] [           main] org.hibernate.type.BasicTypeRegistry     : Adding type registration nstring -> org.hibernate.type.BasicTypeReference@640a8f93
2024-11-22T11:33:25.197+05:30 DEBUG 16468 --- [service] [           main] org.hibernate.type.BasicTypeRegistry     : Adding type registration characters -> org.hibernate.type.BasicTypeReference@6335f04a
2024-11-22T11:33:25.204+05:30 DEBUG 16468 --- [service] [           main] org.hibernate.type.BasicTypeRegistry     : Adding type registration char[] -> org.hibernate.type.BasicTypeReference@6335f04a
2024-11-22T11:33:25.204+05:30 DEBUG 16468 --- [service] [           main] org.hibernate.type.BasicTypeRegistry     : Adding type registration [C -> org.hibernate.type.BasicTypeReference@6335f04a
2024-11-22T11:33:25.204+05:30 DEBUG 16468 --- [service] [           main] org.hibernate.type.BasicTypeRegistry     : Adding type registration wrapper-characters -> org.hibernate.type.BasicTypeReference@74ce7fdf
2024-11-22T11:33:25.204+05:30 DEBUG 16468 --- [service] [           main] org.hibernate.type.BasicTypeRegistry     : Adding type registration text -> org.hibernate.type.BasicTypeReference@1f26b992
2024-11-22T11:33:25.204+05:30 DEBUG 16468 --- [service] [           main] org.hibernate.type.BasicTypeRegistry     : Adding type registration ntext -> org.hibernate.type.BasicTypeReference@2f60cbf2
2024-11-22T11:33:25.204+05:30 DEBUG 16468 --- [service] [           main] org.hibernate.type.BasicTypeRegistry     : Adding type registration clob -> org.hibernate.type.BasicTypeReference@631bc9f4
2024-11-22T11:33:25.205+05:30 DEBUG 16468 --- [service] [           main] org.hibernate.type.BasicTypeRegistry     : Adding type registration java.sql.Clob -> org.hibernate.type.BasicTypeReference@631bc9f4
2024-11-22T11:33:25.205+05:30 DEBUG 16468 --- [service] [           main] org.hibernate.type.BasicTypeRegistry     : Adding type registration nclob -> org.hibernate.type.BasicTypeReference@642c72cf
2024-11-22T11:33:25.205+05:30 DEBUG 16468 --- [service] [           main] org.hibernate.type.BasicTypeRegistry     : Adding type registration java.sql.NClob -> org.hibernate.type.BasicTypeReference@642c72cf
2024-11-22T11:33:25.205+05:30 DEBUG 16468 --- [service] [           main] org.hibernate.type.BasicTypeRegistry     : Adding type registration materialized_clob -> org.hibernate.type.BasicTypeReference@4e6cbdf1
2024-11-22T11:33:25.205+05:30 DEBUG 16468 --- [service] [           main] org.hibernate.type.BasicTypeRegistry     : Adding type registration materialized_clob_char_array -> org.hibernate.type.BasicTypeReference@67fac095
2024-11-22T11:33:25.205+05:30 DEBUG 16468 --- [service] [           main] org.hibernate.type.BasicTypeRegistry     : Adding type registration materialized_clob_character_array -> org.hibernate.type.BasicTypeReference@5a13f1f7
2024-11-22T11:33:25.205+05:30 DEBUG 16468 --- [service] [           main] org.hibernate.type.BasicTypeRegistry     : Adding type registration materialized_nclob -> org.hibernate.type.BasicTypeReference@5dae5a70
2024-11-22T11:33:25.205+05:30 DEBUG 16468 --- [service] [           main] org.hibernate.type.BasicTypeRegistry     : Adding type registration materialized_nclob_character_array -> org.hibernate.type.BasicTypeReference@7686f701
2024-11-22T11:33:25.205+05:30 DEBUG 16468 --- [service] [           main] org.hibernate.type.BasicTypeRegistry     : Adding type registration materialized_nclob_char_array -> org.hibernate.type.BasicTypeReference@47c96f2c
2024-11-22T11:33:25.205+05:30 DEBUG 16468 --- [service] [           main] org.hibernate.type.BasicTypeRegistry     : Adding type registration Duration -> org.hibernate.type.BasicTypeReference@210a26b
2024-11-22T11:33:25.205+05:30 DEBUG 16468 --- [service] [           main] org.hibernate.type.BasicTypeRegistry     : Adding type registration java.time.Duration -> org.hibernate.type.BasicTypeReference@210a26b
2024-11-22T11:33:25.205+05:30 DEBUG 16468 --- [service] [           main] org.hibernate.type.BasicTypeRegistry     : Adding type registration LocalDateTime -> org.hibernate.type.BasicTypeReference@2dc21583
2024-11-22T11:33:25.205+05:30 DEBUG 16468 --- [service] [           main] org.hibernate.type.BasicTypeRegistry     : Adding type registration java.time.LocalDateTime -> org.hibernate.type.BasicTypeReference@2dc21583
2024-11-22T11:33:25.205+05:30 DEBUG 16468 --- [service] [           main] org.hibernate.type.BasicTypeRegistry     : Adding type registration LocalDate -> org.hibernate.type.BasicTypeReference@6cbdd1c5
2024-11-22T11:33:25.205+05:30 DEBUG 16468 --- [service] [           main] org.hibernate.type.BasicTypeRegistry     : Adding type registration java.time.LocalDate -> org.hibernate.type.BasicTypeReference@6cbdd1c5
2024-11-22T11:33:25.205+05:30 DEBUG 16468 --- [service] [           main] org.hibernate.type.BasicTypeRegistry     : Adding type registration LocalTime -> org.hibernate.type.BasicTypeReference@60816371
2024-11-22T11:33:25.205+05:30 DEBUG 16468 --- [service] [           main] org.hibernate.type.BasicTypeRegistry     : Adding type registration java.time.LocalTime -> org.hibernate.type.BasicTypeReference@60816371
2024-11-22T11:33:25.205+05:30 DEBUG 16468 --- [service] [           main] org.hibernate.type.BasicTypeRegistry     : Adding type registration OffsetDateTime -> org.hibernate.type.BasicTypeReference@678586f0
2024-11-22T11:33:25.205+05:30 DEBUG 16468 --- [service] [           main] org.hibernate.type.BasicTypeRegistry     : Adding type registration java.time.OffsetDateTime -> org.hibernate.type.BasicTypeReference@678586f0
2024-11-22T11:33:25.205+05:30 DEBUG 16468 --- [service] [           main] org.hibernate.type.BasicTypeRegistry     : Adding type registration OffsetDateTimeWithTimezone -> org.hibernate.type.BasicTypeReference@5ad6f98e
2024-11-22T11:33:25.205+05:30 DEBUG 16468 --- [service] [           main] org.hibernate.type.BasicTypeRegistry     : Adding type registration OffsetDateTimeWithoutTimezone -> org.hibernate.type.BasicTypeReference@586728e8
2024-11-22T11:33:25.205+05:30 DEBUG 16468 --- [service] [           main] org.hibernate.type.BasicTypeRegistry     : Adding type registration OffsetTime -> org.hibernate.type.BasicTypeReference@3316527e
2024-11-22T11:33:25.205+05:30 DEBUG 16468 --- [service] [           main] org.hibernate.type.BasicTypeRegistry     : Adding type registration java.time.OffsetTime -> org.hibernate.type.BasicTypeReference@3316527e
2024-11-22T11:33:25.205+05:30 DEBUG 16468 --- [service] [           main] org.hibernate.type.BasicTypeRegistry     : Adding type registration OffsetTimeUtc -> org.hibernate.type.BasicTypeReference@786ff0ea
2024-11-22T11:33:25.205+05:30 DEBUG 16468 --- [service] [           main] org.hibernate.type.BasicTypeRegistry     : Adding type registration OffsetTimeWithTimezone -> org.hibernate.type.BasicTypeReference@15186ce0
2024-11-22T11:33:25.205+05:30 DEBUG 16468 --- [service] [           main] org.hibernate.type.BasicTypeRegistry     : Adding type registration OffsetTimeWithoutTimezone -> org.hibernate.type.BasicTypeReference@745926c3
2024-11-22T11:33:25.205+05:30 DEBUG 16468 --- [service] [           main] org.hibernate.type.BasicTypeRegistry     : Adding type registration ZonedDateTime -> org.hibernate.type.BasicTypeReference@75dd0f94
2024-11-22T11:33:25.205+05:30 DEBUG 16468 --- [service] [           main] org.hibernate.type.BasicTypeRegistry     : Adding type registration java.time.ZonedDateTime -> org.hibernate.type.BasicTypeReference@75dd0f94
2024-11-22T11:33:25.205+05:30 DEBUG 16468 --- [service] [           main] org.hibernate.type.BasicTypeRegistry     : Adding type registration ZonedDateTimeWithTimezone -> org.hibernate.type.BasicTypeReference@72324965
2024-11-22T11:33:25.205+05:30 DEBUG 16468 --- [service] [           main] org.hibernate.type.BasicTypeRegistry     : Adding type registration ZonedDateTimeWithoutTimezone -> org.hibernate.type.BasicTypeReference@249b54af
2024-11-22T11:33:25.205+05:30 DEBUG 16468 --- [service] [           main] org.hibernate.type.BasicTypeRegistry     : Adding type registration date -> org.hibernate.type.BasicTypeReference@194911c1
2024-11-22T11:33:25.205+05:30 DEBUG 16468 --- [service] [           main] org.hibernate.type.BasicTypeRegistry     : Adding type registration java.sql.Date -> org.hibernate.type.BasicTypeReference@194911c1
2024-11-22T11:33:25.205+05:30 DEBUG 16468 --- [service] [           main] org.hibernate.type.BasicTypeRegistry     : Adding type registration time -> org.hibernate.type.BasicTypeReference@4751cd3
2024-11-22T11:33:25.205+05:30 DEBUG 16468 --- [service] [           main] org.hibernate.type.BasicTypeRegistry     : Adding type registration java.sql.Time -> org.hibernate.type.BasicTypeReference@4751cd3
2024-11-22T11:33:25.205+05:30 DEBUG 16468 --- [service] [           main] org.hibernate.type.BasicTypeRegistry     : Adding type registration timestamp -> org.hibernate.type.BasicTypeReference@64ec1459
2024-11-22T11:33:25.205+05:30 DEBUG 16468 --- [service] [           main] org.hibernate.type.BasicTypeRegistry     : Adding type registration java.sql.Timestamp -> org.hibernate.type.BasicTypeReference@64ec1459
2024-11-22T11:33:25.205+05:30 DEBUG 16468 --- [service] [           main] org.hibernate.type.BasicTypeRegistry     : Adding type registration java.util.Date -> org.hibernate.type.BasicTypeReference@64ec1459
2024-11-22T11:33:25.214+05:30 DEBUG 16468 --- [service] [           main] org.hibernate.type.BasicTypeRegistry     : Adding type registration calendar -> org.hibernate.type.BasicTypeReference@1aac0a47
2024-11-22T11:33:25.214+05:30 DEBUG 16468 --- [service] [           main] org.hibernate.type.BasicTypeRegistry     : Adding type registration java.util.Calendar -> org.hibernate.type.BasicTypeReference@1aac0a47
2024-11-22T11:33:25.214+05:30 DEBUG 16468 --- [service] [           main] org.hibernate.type.BasicTypeRegistry     : Adding type registration java.util.GregorianCalendar -> org.hibernate.type.BasicTypeReference@1aac0a47
2024-11-22T11:33:25.214+05:30 DEBUG 16468 --- [service] [           main] org.hibernate.type.BasicTypeRegistry     : Adding type registration calendar_date -> org.hibernate.type.BasicTypeReference@4b3ad7ca
2024-11-22T11:33:25.214+05:30 DEBUG 16468 --- [service] [           main] org.hibernate.type.BasicTypeRegistry     : Adding type registration calendar_time -> org.hibernate.type.BasicTypeReference@6785c9fa
2024-11-22T11:33:25.214+05:30 DEBUG 16468 --- [service] [           main] org.hibernate.type.BasicTypeRegistry     : Adding type registration instant -> org.hibernate.type.BasicTypeReference@63cf578f
2024-11-22T11:33:25.214+05:30 DEBUG 16468 --- [service] [           main] org.hibernate.type.BasicTypeRegistry     : Adding type registration java.time.Instant -> org.hibernate.type.BasicTypeReference@63cf578f
2024-11-22T11:33:25.214+05:30 DEBUG 16468 --- [service] [           main] org.hibernate.type.BasicTypeRegistry     : Adding type registration uuid -> org.hibernate.type.BasicTypeReference@194b9783
2024-11-22T11:33:25.214+05:30 DEBUG 16468 --- [service] [           main] org.hibernate.type.BasicTypeRegistry     : Adding type registration java.util.UUID -> org.hibernate.type.BasicTypeReference@194b9783
2024-11-22T11:33:25.214+05:30 DEBUG 16468 --- [service] [           main] org.hibernate.type.BasicTypeRegistry     : Adding type registration pg-uuid -> org.hibernate.type.BasicTypeReference@194b9783
2024-11-22T11:33:25.214+05:30 DEBUG 16468 --- [service] [           main] org.hibernate.type.BasicTypeRegistry     : Adding type registration uuid-binary -> org.hibernate.type.BasicTypeReference@45297e7
2024-11-22T11:33:25.214+05:30 DEBUG 16468 --- [service] [           main] org.hibernate.type.BasicTypeRegistry     : Adding type registration uuid-char -> org.hibernate.type.BasicTypeReference@4dd1548e
2024-11-22T11:33:25.214+05:30 DEBUG 16468 --- [service] [           main] org.hibernate.type.BasicTypeRegistry     : Adding type registration class -> org.hibernate.type.BasicTypeReference@54bb1194
2024-11-22T11:33:25.214+05:30 DEBUG 16468 --- [service] [           main] org.hibernate.type.BasicTypeRegistry     : Adding type registration java.lang.Class -> org.hibernate.type.BasicTypeReference@54bb1194
2024-11-22T11:33:25.214+05:30 DEBUG 16468 --- [service] [           main] org.hibernate.type.BasicTypeRegistry     : Adding type registration currency -> org.hibernate.type.BasicTypeReference@1109730f
2024-11-22T11:33:25.214+05:30 DEBUG 16468 --- [service] [           main] org.hibernate.type.BasicTypeRegistry     : Adding type registration Currency -> org.hibernate.type.BasicTypeReference@1109730f
2024-11-22T11:33:25.214+05:30 DEBUG 16468 --- [service] [           main] org.hibernate.type.BasicTypeRegistry     : Adding type registration java.util.Currency -> org.hibernate.type.BasicTypeReference@1109730f
2024-11-22T11:33:25.214+05:30 DEBUG 16468 --- [service] [           main] org.hibernate.type.BasicTypeRegistry     : Adding type registration locale -> org.hibernate.type.BasicTypeReference@1f42366
2024-11-22T11:33:25.214+05:30 DEBUG 16468 --- [service] [           main] org.hibernate.type.BasicTypeRegistry     : Adding type registration java.util.Locale -> org.hibernate.type.BasicTypeReference@1f42366
2024-11-22T11:33:25.214+05:30 DEBUG 16468 --- [service] [           main] org.hibernate.type.BasicTypeRegistry     : Adding type registration serializable -> org.hibernate.type.BasicTypeReference@46c662f2
2024-11-22T11:33:25.214+05:30 DEBUG 16468 --- [service] [           main] org.hibernate.type.BasicTypeRegistry     : Adding type registration java.io.Serializable -> org.hibernate.type.BasicTypeReference@46c662f2
2024-11-22T11:33:25.214+05:30 DEBUG 16468 --- [service] [           main] org.hibernate.type.BasicTypeRegistry     : Adding type registration timezone -> org.hibernate.type.BasicTypeReference@4afdfc0f
2024-11-22T11:33:25.214+05:30 DEBUG 16468 --- [service] [           main] org.hibernate.type.BasicTypeRegistry     : Adding type registration java.util.TimeZone -> org.hibernate.type.BasicTypeReference@4afdfc0f
2024-11-22T11:33:25.214+05:30 DEBUG 16468 --- [service] [           main] org.hibernate.type.BasicTypeRegistry     : Adding type registration ZoneOffset -> org.hibernate.type.BasicTypeReference@10b67f54
2024-11-22T11:33:25.214+05:30 DEBUG 16468 --- [service] [           main] org.hibernate.type.BasicTypeRegistry     : Adding type registration java.time.ZoneOffset -> org.hibernate.type.BasicTypeReference@10b67f54
2024-11-22T11:33:25.214+05:30 DEBUG 16468 --- [service] [           main] org.hibernate.type.BasicTypeRegistry     : Adding type registration url -> org.hibernate.type.BasicTypeReference@30798137
2024-11-22T11:33:25.214+05:30 DEBUG 16468 --- [service] [           main] org.hibernate.type.BasicTypeRegistry     : Adding type registration java.net.URL -> org.hibernate.type.BasicTypeReference@30798137
2024-11-22T11:33:25.214+05:30 DEBUG 16468 --- [service] [           main] org.hibernate.type.BasicTypeRegistry     : Adding type registration vector -> org.hibernate.type.BasicTypeReference@455da438
2024-11-22T11:33:25.214+05:30 DEBUG 16468 --- [service] [           main] org.hibernate.type.BasicTypeRegistry     : Adding type registration row_version -> org.hibernate.type.BasicTypeReference@60652518
2024-11-22T11:33:25.234+05:30 DEBUG 16468 --- [service] [           main] org.hibernate.type.BasicTypeRegistry     : Adding type registration object -> org.hibernate.type.JavaObjectType@2e8b24a1
2024-11-22T11:33:25.234+05:30 DEBUG 16468 --- [service] [           main] org.hibernate.type.BasicTypeRegistry     : Adding type registration java.lang.Object -> org.hibernate.type.JavaObjectType@2e8b24a1
2024-11-22T11:33:25.239+05:30 DEBUG 16468 --- [service] [           main] org.hibernate.type.BasicTypeRegistry     : Adding type registration null -> org.hibernate.type.NullType@49986178
2024-11-22T11:33:25.244+05:30 DEBUG 16468 --- [service] [           main] org.hibernate.type.BasicTypeRegistry     : Adding type registration imm_date -> org.hibernate.type.BasicTypeReference@10bdfbcc
2024-11-22T11:33:25.244+05:30 DEBUG 16468 --- [service] [           main] org.hibernate.type.BasicTypeRegistry     : Adding type registration imm_time -> org.hibernate.type.BasicTypeReference@25b74370
2024-11-22T11:33:25.244+05:30 DEBUG 16468 --- [service] [           main] org.hibernate.type.BasicTypeRegistry     : Adding type registration imm_timestamp -> org.hibernate.type.BasicTypeReference@15e8c040
2024-11-22T11:33:25.244+05:30 DEBUG 16468 --- [service] [           main] org.hibernate.type.BasicTypeRegistry     : Adding type registration imm_calendar -> org.hibernate.type.BasicTypeReference@1f71e024
2024-11-22T11:33:25.244+05:30 DEBUG 16468 --- [service] [           main] org.hibernate.type.BasicTypeRegistry     : Adding type registration imm_calendar_date -> org.hibernate.type.BasicTypeReference@60ed0b9d
2024-11-22T11:33:25.244+05:30 DEBUG 16468 --- [service] [           main] org.hibernate.type.BasicTypeRegistry     : Adding type registration imm_calendar_time -> org.hibernate.type.BasicTypeReference@7f5e6833
2024-11-22T11:33:25.244+05:30 DEBUG 16468 --- [service] [           main] org.hibernate.type.BasicTypeRegistry     : Adding type registration imm_binary -> org.hibernate.type.BasicTypeReference@2c674d58
2024-11-22T11:33:25.244+05:30 DEBUG 16468 --- [service] [           main] org.hibernate.type.BasicTypeRegistry     : Adding type registration imm_serializable -> org.hibernate.type.BasicTypeReference@3c07e830
2024-11-22T11:33:25.264+05:30 DEBUG 16468 --- [service] [           main] o.h.boot.internal.BootstrapContextImpl   : Injecting JPA temp ClassLoader [org.springframework.instrument.classloading.SimpleThrowawayClassLoader@20dd5870] into BootstrapContext; was [null]
2024-11-22T11:33:25.264+05:30 DEBUG 16468 --- [service] [           main] o.h.boot.internal.ClassLoaderAccessImpl  : ClassLoaderAccessImpl#injectTempClassLoader(org.springframework.instrument.classloading.SimpleThrowawayClassLoader@20dd5870) [was null]
2024-11-22T11:33:25.264+05:30 DEBUG 16468 --- [service] [           main] o.h.boot.internal.BootstrapContextImpl   : Injecting ScanEnvironment [org.hibernate.jpa.boot.internal.StandardJpaScanEnvironmentImpl@35010a6b] into BootstrapContext; was [null]
2024-11-22T11:33:25.272+05:30 DEBUG 16468 --- [service] [           main] o.h.boot.internal.BootstrapContextImpl   : Injecting ScanOptions [org.hibernate.boot.archive.scan.internal.StandardScanOptions@4d4b019e] into BootstrapContext; was [org.hibernate.boot.archive.scan.internal.StandardScanOptions@7ed8b44]
2024-11-22T11:33:26.534+05:30  INFO 16468 --- [service] [           main] o.s.o.j.p.SpringPersistenceUnitInfo      : No LoadTimeWeaver setup: ignoring JPA class transformer
2024-11-22T11:33:26.535+05:30 DEBUG 16468 --- [service] [           main] o.h.boot.internal.BootstrapContextImpl   : Injecting JPA temp ClassLoader [null] into BootstrapContext; was [org.springframework.instrument.classloading.SimpleThrowawayClassLoader@20dd5870]
2024-11-22T11:33:26.535+05:30 DEBUG 16468 --- [service] [           main] o.h.boot.internal.ClassLoaderAccessImpl  : ClassLoaderAccessImpl#injectTempClassLoader(null) [was org.springframework.instrument.classloading.SimpleThrowawayClassLoader@20dd5870]
2024-11-22T11:33:26.734+05:30  INFO 16468 --- [service] [           main] com.zaxxer.hikari.HikariDataSource       : HikariPool-1 - Starting...
2024-11-22T11:33:29.047+05:30  INFO 16468 --- [service] [           main] com.zaxxer.hikari.pool.HikariPool        : HikariPool-1 - Added connection com.mysql.cj.jdbc.ConnectionImpl@5972e3a
2024-11-22T11:33:29.064+05:30  INFO 16468 --- [service] [           main] com.zaxxer.hikari.HikariDataSource       : HikariPool-1 - Start completed.
2024-11-22T11:33:29.094+05:30 DEBUG 16468 --- [service] [           main] o.h.e.j.e.i.JdbcEnvironmentInitiator     : Database ->
	   name : MySQL
	version : 8.0.40
	  major : 8
	  minor : 0
2024-11-22T11:33:29.094+05:30 DEBUG 16468 --- [service] [           main] o.h.e.j.e.i.JdbcEnvironmentInitiator     : Driver ->
	   name : MySQL Connector/J
	version : mysql-connector-j-8.0.33 (Revision: 7d6b0800528b6b25c68b52dc10d6c1c8429c100c)
	  major : 8
	  minor : 0
2024-11-22T11:33:29.097+05:30 DEBUG 16468 --- [service] [           main] o.h.e.j.e.i.JdbcEnvironmentInitiator     : JDBC version : 4.2
2024-11-22T11:33:29.866+05:30  WARN 16468 --- [service] [           main] org.hibernate.orm.deprecation            : HHH90000025: MySQL8Dialect does not need to be specified explicitly using 'hibernate.dialect' (remove the property setting and it will be selected by default)
2024-11-22T11:33:29.874+05:30 DEBUG 16468 --- [service] [           main] org.hibernate.orm.dialect                : HHH035001: Using dialect: org.hibernate.dialect.MySQL8Dialect, version: 8.0
2024-11-22T11:33:29.874+05:30  WARN 16468 --- [service] [           main] org.hibernate.orm.deprecation            : HHH90000026: MySQL8Dialect has been deprecated; use org.hibernate.dialect.MySQLDialect instead
2024-11-22T11:33:29.895+05:30 DEBUG 16468 --- [service] [           main] o.h.e.j.env.spi.IdentifierHelperBuilder  : JDBC driver metadata reported database stores quoted identifiers in more than one case
2024-11-22T11:33:29.895+05:30 DEBUG 16468 --- [service] [           main] o.h.e.j.env.spi.IdentifierHelperBuilder  : IdentifierCaseStrategy for both quoted and unquoted identifiers was set to the same strategy [LOWER]; that will likely lead to problems in schema update and validation if using quoted identifiers
2024-11-22T11:33:30.014+05:30 DEBUG 16468 --- [service] [           main] o.h.t.d.sql.spi.DdlTypeRegistry          : addDescriptor(12, org.hibernate.type.descriptor.sql.internal.CapacityDependentDdlType@6fd97fd1) replaced previous registration(org.hibernate.type.descriptor.sql.internal.CapacityDependentDdlType@12c78f36)
2024-11-22T11:33:30.014+05:30 DEBUG 16468 --- [service] [           main] o.h.t.d.sql.spi.DdlTypeRegistry          : addDescriptor(-9, org.hibernate.type.descriptor.sql.internal.CapacityDependentDdlType@7bdb4d69) replaced previous registration(org.hibernate.type.descriptor.sql.internal.CapacityDependentDdlType@129c760d)
2024-11-22T11:33:30.014+05:30 DEBUG 16468 --- [service] [           main] o.h.t.d.sql.spi.DdlTypeRegistry          : addDescriptor(-3, org.hibernate.type.descriptor.sql.internal.CapacityDependentDdlType@361fa478) replaced previous registration(org.hibernate.type.descriptor.sql.internal.CapacityDependentDdlType@180f33b2)
2024-11-22T11:33:30.014+05:30 DEBUG 16468 --- [service] [           main] o.h.t.d.sql.spi.DdlTypeRegistry          : addDescriptor(4003, org.hibernate.type.descriptor.sql.internal.DdlTypeImpl@391e85df) replaced previous registration(org.hibernate.type.descriptor.sql.internal.DdlTypeImpl@48c3a0ef)
2024-11-22T11:33:30.019+05:30 DEBUG 16468 --- [service] [           main] o.h.t.d.sql.spi.DdlTypeRegistry          : addDescriptor(4001, org.hibernate.type.descriptor.sql.internal.DdlTypeImpl@3b4f1eb) replaced previous registration(org.hibernate.type.descriptor.sql.internal.DdlTypeImpl@6247c08c)
2024-11-22T11:33:30.019+05:30 DEBUG 16468 --- [service] [           main] o.h.t.d.sql.spi.DdlTypeRegistry          : addDescriptor(4002, org.hibernate.type.descriptor.sql.internal.DdlTypeImpl@2f3a8166) replaced previous registration(org.hibernate.type.descriptor.sql.internal.DdlTypeImpl@7aab98b6)
2024-11-22T11:33:30.019+05:30 DEBUG 16468 --- [service] [           main] o.h.t.d.sql.spi.DdlTypeRegistry          : addDescriptor(2004, org.hibernate.type.descriptor.sql.internal.CapacityDependentDdlType@5e3405a1) replaced previous registration(org.hibernate.type.descriptor.sql.internal.DdlTypeImpl@22bfd4b)
2024-11-22T11:33:30.019+05:30 DEBUG 16468 --- [service] [           main] o.h.t.d.sql.spi.DdlTypeRegistry          : addDescriptor(2005, org.hibernate.type.descriptor.sql.internal.CapacityDependentDdlType@79e16dd9) replaced previous registration(org.hibernate.type.descriptor.sql.internal.DdlTypeImpl@5fa9247b)
2024-11-22T11:33:30.019+05:30 DEBUG 16468 --- [service] [           main] o.h.t.d.sql.spi.DdlTypeRegistry          : addDescriptor(2011, org.hibernate.type.descriptor.sql.internal.CapacityDependentDdlType@21ce3b22) replaced previous registration(org.hibernate.type.descriptor.sql.internal.DdlTypeImpl@7cd25bf5)
2024-11-22T11:33:30.024+05:30 DEBUG 16468 --- [service] [           main] o.h.t.d.jdbc.spi.JdbcTypeRegistry        : addDescriptor(NCharTypeDescriptor) replaced previous registration(CharTypeDescriptor)
2024-11-22T11:33:30.024+05:30 DEBUG 16468 --- [service] [           main] o.h.t.d.jdbc.spi.JdbcTypeRegistry        : addDescriptor(NVarcharTypeDescriptor) replaced previous registration(VarcharTypeDescriptor)
2024-11-22T11:33:30.030+05:30 DEBUG 16468 --- [service] [           main] o.h.t.d.jdbc.spi.JdbcTypeRegistry        : addDescriptor(LongNVarcharTypeDescriptor) replaced previous registration(LongVarcharTypeDescriptor)
2024-11-22T11:33:30.038+05:30 DEBUG 16468 --- [service] [           main] o.h.t.d.jdbc.spi.JdbcTypeRegistry        : addDescriptor(NClobTypeDescriptor(DEFAULT)) replaced previous registration(ClobTypeDescriptor(DEFAULT))
2024-11-22T11:33:30.039+05:30 DEBUG 16468 --- [service] [           main] o.h.t.d.jdbc.spi.JdbcTypeRegistry        : addDescriptor(2005, ClobTypeDescriptor(STREAM_BINDING)) replaced previous registration(ClobTypeDescriptor(DEFAULT))
2024-11-22T11:33:30.046+05:30 DEBUG 16468 --- [service] [           main] org.hibernate.type.BasicTypeRegistry     : Adding type registration null -> org.hibernate.type.NullType@55317c63
2024-11-22T11:33:30.046+05:30 DEBUG 16468 --- [service] [           main] org.hibernate.type.BasicTypeRegistry     : Type registration key [null] overrode previous entry : `org.hibernate.type.NullType@49986178`
2024-11-22T11:33:30.075+05:30 DEBUG 16468 --- [service] [           main] org.hibernate.type.BasicTypeRegistry     : Adding type registration org.hibernate.type.DurationType -> basicType@1(java.time.Duration,3015)
2024-11-22T11:33:30.075+05:30 DEBUG 16468 --- [service] [           main] org.hibernate.type.BasicTypeRegistry     : Adding type registration Duration -> basicType@1(java.time.Duration,3015)
2024-11-22T11:33:30.075+05:30 DEBUG 16468 --- [service] [           main] org.hibernate.type.BasicTypeRegistry     : Adding type registration java.time.Duration -> basicType@1(java.time.Duration,3015)
2024-11-22T11:33:30.084+05:30 DEBUG 16468 --- [service] [           main] org.hibernate.type.BasicTypeRegistry     : Adding type registration org.hibernate.type.OffsetDateTimeType -> basicType@2(java.time.OffsetDateTime,3003)
2024-11-22T11:33:30.087+05:30 DEBUG 16468 --- [service] [           main] org.hibernate.type.BasicTypeRegistry     : Adding type registration OffsetDateTime -> basicType@2(java.time.OffsetDateTime,3003)
2024-11-22T11:33:30.087+05:30 DEBUG 16468 --- [service] [           main] org.hibernate.type.BasicTypeRegistry     : Adding type registration java.time.OffsetDateTime -> basicType@2(java.time.OffsetDateTime,3003)
2024-11-22T11:33:30.087+05:30 DEBUG 16468 --- [service] [           main] org.hibernate.type.BasicTypeRegistry     : Adding type registration org.hibernate.type.ZonedDateTimeType -> basicType@3(java.time.ZonedDateTime,3003)
2024-11-22T11:33:30.087+05:30 DEBUG 16468 --- [service] [           main] org.hibernate.type.BasicTypeRegistry     : Adding type registration ZonedDateTime -> basicType@3(java.time.ZonedDateTime,3003)
2024-11-22T11:33:30.087+05:30 DEBUG 16468 --- [service] [           main] org.hibernate.type.BasicTypeRegistry     : Adding type registration java.time.ZonedDateTime -> basicType@3(java.time.ZonedDateTime,3003)
2024-11-22T11:33:30.091+05:30 DEBUG 16468 --- [service] [           main] org.hibernate.type.BasicTypeRegistry     : Adding type registration org.hibernate.type.OffsetTimeType -> basicType@4(java.time.OffsetTime,3007)
2024-11-22T11:33:30.094+05:30 DEBUG 16468 --- [service] [           main] org.hibernate.type.BasicTypeRegistry     : Adding type registration OffsetTime -> basicType@4(java.time.OffsetTime,3007)
2024-11-22T11:33:30.094+05:30 DEBUG 16468 --- [service] [           main] org.hibernate.type.BasicTypeRegistry     : Adding type registration java.time.OffsetTime -> basicType@4(java.time.OffsetTime,3007)
2024-11-22T11:33:30.098+05:30 DEBUG 16468 --- [service] [           main] o.h.type.spi.TypeConfiguration$Scope     : Scoping TypeConfiguration [org.hibernate.type.spi.TypeConfiguration@5f35370b] to MetadataBuildingContext [org.hibernate.boot.internal.MetadataBuildingContextRootImpl@16c8e9b8]
2024-11-22T11:33:30.314+05:30 DEBUG 16468 --- [service] [           main] o.h.boot.model.relational.Namespace      : Created database namespace [logicalName=Name{catalog=null, schema=null}, physicalName=Name{catalog=null, schema=null}]
2024-11-22T11:33:30.451+05:30 DEBUG 16468 --- [service] [           main] o.h.boot.model.internal.EntityBinder     : Binding entity from annotated class: com.product.app.service.Models.Product
2024-11-22T11:33:30.475+05:30 DEBUG 16468 --- [service] [           main] o.h.boot.model.internal.EntityBinder     : Import with entity name Product
2024-11-22T11:33:30.497+05:30 DEBUG 16468 --- [service] [           main] o.h.boot.model.internal.EntityBinder     : Bind entity com.product.app.service.Models.Product on table product
2024-11-22T11:33:30.534+05:30 DEBUG 16468 --- [service] [           main] o.h.boot.model.internal.AnnotatedColumn  : Binding column: AnnotatedDiscriminatorColumn(column='DTYPE')
2024-11-22T11:33:30.590+05:30 DEBUG 16468 --- [service] [           main] o.h.boot.model.internal.AnnotatedColumn  : Binding column: AnnotatedColumn()
2024-11-22T11:33:30.594+05:30 DEBUG 16468 --- [service] [           main] o.h.boot.internal.ClassLoaderAccessImpl  : Not known whether passed class name [com.product.app.service.Models.Product] is safe
2024-11-22T11:33:30.594+05:30 DEBUG 16468 --- [service] [           main] o.h.boot.internal.ClassLoaderAccessImpl  : No temp ClassLoader provided; using live ClassLoader for loading potentially unsafe class : com.product.app.service.Models.Product
2024-11-22T11:33:30.606+05:30 DEBUG 16468 --- [service] [           main] o.h.boot.model.internal.PropertyBinder   : MetadataSourceProcessor property productId with lazy=false
2024-11-22T11:33:30.619+05:30 DEBUG 16468 --- [service] [           main] o.h.b.m.internal.AbstractPropertyHolder  : Attempting to locate auto-apply AttributeConverter for property [com.product.app.service.Models.Product:productId]
2024-11-22T11:33:30.650+05:30 DEBUG 16468 --- [service] [           main] o.h.b.model.internal.BasicValueBinder    : building BasicValue for productId
2024-11-22T11:33:30.662+05:30 DEBUG 16468 --- [service] [           main] org.hibernate.mapping.BasicValue         : Skipping column re-registration: product.product_id
2024-11-22T11:33:30.664+05:30 DEBUG 16468 --- [service] [           main] o.h.boot.model.internal.PropertyBinder   : Building property productId
2024-11-22T11:33:30.678+05:30 DEBUG 16468 --- [service] [           main] o.h.boot.model.internal.BinderHelper     : #makeIdGenerator(BasicValue([Column(product_id)]), productId, identity, , ...)
2024-11-22T11:33:30.689+05:30 DEBUG 16468 --- [service] [           main] o.h.boot.model.internal.AnnotatedColumn  : Binding column: AnnotatedColumn(column='created_at')
2024-11-22T11:33:30.689+05:30 DEBUG 16468 --- [service] [           main] o.h.boot.model.internal.PropertyBinder   : MetadataSourceProcessor property createdAt with lazy=false
2024-11-22T11:33:30.691+05:30 DEBUG 16468 --- [service] [           main] o.h.b.m.internal.AbstractPropertyHolder  : Attempting to locate auto-apply AttributeConverter for property [com.product.app.service.Models.Product:createdAt]
2024-11-22T11:33:30.692+05:30 DEBUG 16468 --- [service] [           main] o.h.b.model.internal.BasicValueBinder    : building BasicValue for createdAt
2024-11-22T11:33:30.692+05:30 DEBUG 16468 --- [service] [           main] org.hibernate.mapping.BasicValue         : Skipping column re-registration: product.created_at
2024-11-22T11:33:30.692+05:30 DEBUG 16468 --- [service] [           main] o.h.boot.model.internal.PropertyBinder   : Building property createdAt
2024-11-22T11:33:30.694+05:30 DEBUG 16468 --- [service] [           main] o.h.boot.model.internal.AnnotatedColumn  : Binding column: AnnotatedColumn()
2024-11-22T11:33:30.694+05:30 DEBUG 16468 --- [service] [           main] o.h.boot.model.internal.PropertyBinder   : MetadataSourceProcessor property description with lazy=false
2024-11-22T11:33:30.694+05:30 DEBUG 16468 --- [service] [           main] o.h.b.m.internal.AbstractPropertyHolder  : Attempting to locate auto-apply AttributeConverter for property [com.product.app.service.Models.Product:description]
2024-11-22T11:33:30.694+05:30 DEBUG 16468 --- [service] [           main] o.h.b.model.internal.BasicValueBinder    : building BasicValue for description
2024-11-22T11:33:30.694+05:30 DEBUG 16468 --- [service] [           main] org.hibernate.mapping.BasicValue         : Skipping column re-registration: product.description
2024-11-22T11:33:30.694+05:30 DEBUG 16468 --- [service] [           main] o.h.boot.model.internal.PropertyBinder   : Building property description
2024-11-22T11:33:30.694+05:30 DEBUG 16468 --- [service] [           main] o.h.boot.model.internal.AnnotatedColumn  : Binding column: AnnotatedColumn()
2024-11-22T11:33:30.694+05:30 DEBUG 16468 --- [service] [           main] o.h.boot.model.internal.PropertyBinder   : MetadataSourceProcessor property imageUrl with lazy=false
2024-11-22T11:33:30.694+05:30 DEBUG 16468 --- [service] [           main] o.h.b.m.internal.AbstractPropertyHolder  : Attempting to locate auto-apply AttributeConverter for property [com.product.app.service.Models.Product:imageUrl]
2024-11-22T11:33:30.694+05:30 DEBUG 16468 --- [service] [           main] o.h.b.model.internal.BasicValueBinder    : building BasicValue for imageUrl
2024-11-22T11:33:30.694+05:30 DEBUG 16468 --- [service] [           main] org.hibernate.mapping.BasicValue         : Skipping column re-registration: product.image_url
2024-11-22T11:33:30.694+05:30 DEBUG 16468 --- [service] [           main] o.h.boot.model.internal.PropertyBinder   : Building property imageUrl
2024-11-22T11:33:30.694+05:30 DEBUG 16468 --- [service] [           main] o.h.boot.model.internal.AnnotatedColumn  : Binding column: AnnotatedColumn()
2024-11-22T11:33:30.699+05:30 DEBUG 16468 --- [service] [           main] o.h.boot.model.internal.PropertyBinder   : MetadataSourceProcessor property name with lazy=false
2024-11-22T11:33:30.699+05:30 DEBUG 16468 --- [service] [           main] o.h.b.m.internal.AbstractPropertyHolder  : Attempting to locate auto-apply AttributeConverter for property [com.product.app.service.Models.Product:name]
2024-11-22T11:33:30.699+05:30 DEBUG 16468 --- [service] [           main] o.h.b.model.internal.BasicValueBinder    : building BasicValue for name
2024-11-22T11:33:30.699+05:30 DEBUG 16468 --- [service] [           main] org.hibernate.mapping.BasicValue         : Skipping column re-registration: product.name
2024-11-22T11:33:30.699+05:30 DEBUG 16468 --- [service] [           main] o.h.boot.model.internal.PropertyBinder   : Building property name
2024-11-22T11:33:30.699+05:30 DEBUG 16468 --- [service] [           main] o.h.boot.model.internal.AnnotatedColumn  : Binding column: AnnotatedColumn()
2024-11-22T11:33:30.699+05:30 DEBUG 16468 --- [service] [           main] o.h.boot.model.internal.PropertyBinder   : MetadataSourceProcessor property price with lazy=false
2024-11-22T11:33:30.699+05:30 DEBUG 16468 --- [service] [           main] o.h.b.m.internal.AbstractPropertyHolder  : Attempting to locate auto-apply AttributeConverter for property [com.product.app.service.Models.Product:price]
2024-11-22T11:33:30.699+05:30 DEBUG 16468 --- [service] [           main] o.h.b.model.internal.BasicValueBinder    : building BasicValue for price
2024-11-22T11:33:30.699+05:30 DEBUG 16468 --- [service] [           main] org.hibernate.mapping.BasicValue         : Skipping column re-registration: product.price
2024-11-22T11:33:30.699+05:30 DEBUG 16468 --- [service] [           main] o.h.boot.model.internal.PropertyBinder   : Building property price
2024-11-22T11:33:30.699+05:30 DEBUG 16468 --- [service] [           main] o.h.boot.model.internal.AnnotatedColumn  : Binding column: AnnotatedColumn()
2024-11-22T11:33:30.699+05:30 DEBUG 16468 --- [service] [           main] o.h.boot.model.internal.PropertyBinder   : MetadataSourceProcessor property stockQuantity with lazy=false
2024-11-22T11:33:30.699+05:30 DEBUG 16468 --- [service] [           main] o.h.b.m.internal.AbstractPropertyHolder  : Attempting to locate auto-apply AttributeConverter for property [com.product.app.service.Models.Product:stockQuantity]
2024-11-22T11:33:30.699+05:30 DEBUG 16468 --- [service] [           main] o.h.b.model.internal.BasicValueBinder    : building BasicValue for stockQuantity
2024-11-22T11:33:30.699+05:30 DEBUG 16468 --- [service] [           main] org.hibernate.mapping.BasicValue         : Skipping column re-registration: product.stock_quantity
2024-11-22T11:33:30.699+05:30 DEBUG 16468 --- [service] [           main] o.h.boot.model.internal.PropertyBinder   : Building property stockQuantity
2024-11-22T11:33:30.704+05:30 DEBUG 16468 --- [service] [           main] o.h.boot.model.internal.AnnotatedColumn  : Binding column: AnnotatedColumn(column='updated_at')
2024-11-22T11:33:30.704+05:30 DEBUG 16468 --- [service] [           main] o.h.boot.model.internal.PropertyBinder   : MetadataSourceProcessor property updatedAt with lazy=false
2024-11-22T11:33:30.704+05:30 DEBUG 16468 --- [service] [           main] o.h.b.m.internal.AbstractPropertyHolder  : Attempting to locate auto-apply AttributeConverter for property [com.product.app.service.Models.Product:updatedAt]
2024-11-22T11:33:30.704+05:30 DEBUG 16468 --- [service] [           main] o.h.b.model.internal.BasicValueBinder    : building BasicValue for updatedAt
2024-11-22T11:33:30.704+05:30 DEBUG 16468 --- [service] [           main] org.hibernate.mapping.BasicValue         : Skipping column re-registration: product.updated_at
2024-11-22T11:33:30.705+05:30 DEBUG 16468 --- [service] [           main] o.h.boot.model.internal.PropertyBinder   : Building property updatedAt
2024-11-22T11:33:30.709+05:30 DEBUG 16468 --- [service] [           main] o.h.b.r.c.i.ClassLoaderServiceImpl       : HHH000194: Package not found or no package-info.java: com.product.app.service.Models
2024-11-22T11:33:30.735+05:30 DEBUG 16468 --- [service] [           main] o.h.boot.model.internal.EntityBinder     : Binding entity from annotated class: com.product.app.service.Models.User
2024-11-22T11:33:30.735+05:30 DEBUG 16468 --- [service] [           main] o.h.boot.model.internal.EntityBinder     : Import with entity name User
2024-11-22T11:33:30.735+05:30 DEBUG 16468 --- [service] [           main] o.h.boot.model.internal.EntityBinder     : Bind entity com.product.app.service.Models.User on table users
2024-11-22T11:33:30.735+05:30 DEBUG 16468 --- [service] [           main] o.h.boot.model.internal.AnnotatedColumn  : Binding column: AnnotatedDiscriminatorColumn(column='DTYPE')
2024-11-22T11:33:30.739+05:30 DEBUG 16468 --- [service] [           main] o.h.boot.model.internal.AnnotatedColumn  : Binding column: AnnotatedColumn()
2024-11-22T11:33:30.740+05:30 DEBUG 16468 --- [service] [           main] o.h.boot.internal.ClassLoaderAccessImpl  : Not known whether passed class name [com.product.app.service.Models.User] is safe
2024-11-22T11:33:30.740+05:30 DEBUG 16468 --- [service] [           main] o.h.boot.internal.ClassLoaderAccessImpl  : No temp ClassLoader provided; using live ClassLoader for loading potentially unsafe class : com.product.app.service.Models.User
2024-11-22T11:33:30.740+05:30 DEBUG 16468 --- [service] [           main] o.h.boot.model.internal.PropertyBinder   : MetadataSourceProcessor property id with lazy=false
2024-11-22T11:33:30.740+05:30 DEBUG 16468 --- [service] [           main] o.h.b.m.internal.AbstractPropertyHolder  : Attempting to locate auto-apply AttributeConverter for property [com.product.app.service.Models.User:id]
2024-11-22T11:33:30.740+05:30 DEBUG 16468 --- [service] [           main] o.h.b.model.internal.BasicValueBinder    : building BasicValue for id
2024-11-22T11:33:30.740+05:30 DEBUG 16468 --- [service] [           main] org.hibernate.mapping.BasicValue         : Skipping column re-registration: users.id
2024-11-22T11:33:30.740+05:30 DEBUG 16468 --- [service] [           main] o.h.boot.model.internal.PropertyBinder   : Building property id
2024-11-22T11:33:30.740+05:30 DEBUG 16468 --- [service] [           main] o.h.boot.model.internal.BinderHelper     : #makeIdGenerator(BasicValue([Column(id)]), id, identity, , ...)
2024-11-22T11:33:30.744+05:30 DEBUG 16468 --- [service] [           main] o.h.boot.model.internal.AnnotatedColumn  : Binding column: AnnotatedColumn()
2024-11-22T11:33:30.745+05:30 DEBUG 16468 --- [service] [           main] o.h.boot.model.internal.PropertyBinder   : MetadataSourceProcessor property email with lazy=false
2024-11-22T11:33:30.745+05:30 DEBUG 16468 --- [service] [           main] o.h.b.m.internal.AbstractPropertyHolder  : Attempting to locate auto-apply AttributeConverter for property [com.product.app.service.Models.User:email]
2024-11-22T11:33:30.745+05:30 DEBUG 16468 --- [service] [           main] o.h.b.model.internal.BasicValueBinder    : building BasicValue for email
2024-11-22T11:33:30.745+05:30 DEBUG 16468 --- [service] [           main] org.hibernate.mapping.BasicValue         : Skipping column re-registration: users.email
2024-11-22T11:33:30.745+05:30 DEBUG 16468 --- [service] [           main] o.h.boot.model.internal.PropertyBinder   : Building property email
2024-11-22T11:33:30.745+05:30 DEBUG 16468 --- [service] [           main] o.h.boot.model.internal.AnnotatedColumn  : Binding column: AnnotatedColumn()
[...]

   SpringDocDataRestConfiguration:
      Did not match:
         - @ConditionalOnClass did not find required class 'org.springframework.data.rest.core.config.RepositoryRestConfiguration' (OnClassCondition)

   SpringDocFunctionCatalogConfiguration:
      Did not match:
         - @ConditionalOnClass did not find required class 'org.springframework.cloud.function.web.function.FunctionEndpointInitializer' (OnClassCondition)

   SpringDocGroovyConfiguration:
      Did not match:
         - @ConditionalOnClass did not find required class 'groovy.lang.MetaClass' (OnClassCondition)

   SpringDocHateoasConfiguration:
      Did not match:
         - @ConditionalOnClass did not find required class 'org.springframework.hateoas.server.LinkRelationProvider' (OnClassCondition)

   SpringDocJacksonKotlinModuleConfiguration:
      Did not match:
         - @ConditionalOnClass did not find required class 'com.fasterxml.jackson.module.kotlin.KotlinModule' (OnClassCondition)

   SpringDocJavadocConfiguration:
      Did not match:
         - @ConditionalOnClass did not find required class 'com.github.therapi.runtimejavadoc.CommentFormatter' (OnClassCondition)

   SpringDocKotlinConfiguration:
      Did not match:
         - @ConditionalOnClass did not find required class 'kotlin.coroutines.Continuation' (OnClassCondition)

   SpringDocKotlinxConfiguration:
      Did not match:
         - @ConditionalOnClass did not find required class 'kotlinx.coroutines.flow.Flow' (OnClassCondition)

   SpringDocSecurityConfiguration.SpringDocSecurityOAuth2ClientConfiguration:
      Did not match:
         - @ConditionalOnClass did not find required class 'org.springframework.security.oauth2.client.annotation.RegisteredOAuth2AuthorizedClient' (OnClassCondition)

   SpringDocSecurityConfiguration.SpringDocSecurityOAuth2Configuration:
      Did not match:
         - @ConditionalOnClass did not find required class 'org.springframework.security.oauth2.server.authorization.OAuth2AuthorizationService' (OnClassCondition)

   SpringDocSecurityConfiguration.SpringSecurityLoginEndpointConfiguration#springSecurityLoginEndpointCustomiser:
      Did not match:
         - @ConditionalOnProperty (springdoc.show-login-endpoint) did not find property 'springdoc.show-login-endpoint' (OnPropertyCondition)

   SpringDocSortConfiguration#delegatingMethodParameterCustomizer:
      Did not match:
         - @ConditionalOnMissingBean (types: org.springdoc.core.customizers.DelegatingMethodParameterCustomizer; SearchStrategy: all) found beans of type 'org.springdoc.core.customizers.DelegatingMethodParameterCustomizer' delegatingMethodParameterCustomizer (OnBeanCondition)

   SpringDocWebMvcConfiguration.SpringDocWebMvcActuatorConfiguration#actuatorProvider:
      Did not match:
         - @ConditionalOnExpression (#{${springdoc.show-actuator:false} or ${springdoc.use-management-port:false}}) resulted in false (OnExpressionCondition)

   SpringDocWebMvcConfiguration.SpringDocWebMvcActuatorConfiguration#openApiActuatorResource:
      Did not match:
         - @ConditionalOnExpression (#{${springdoc.use-management-port:false} and ${springdoc.enable-default-api-docs:true}}) resulted in false (OnExpressionCondition)

   StackdriverMetricsExportAutoConfiguration:
      Did not match:
         - @ConditionalOnClass did not find required class 'io.micrometer.stackdriver.StackdriverMeterRegistry' (OnClassCondition)

   StartupEndpointAutoConfiguration:
      Did not match:
         - ApplicationStartup configured applicationStartup is of type class org.springframework.core.metrics.DefaultApplicationStartup, expected BufferingApplicationStartup. (StartupEndpointAutoConfiguration.ApplicationStartupCondition)

   StatsdMetricsExportAutoConfiguration:
      Did not match:
         - @ConditionalOnClass did not find required class 'io.micrometer.statsd.StatsdMeterRegistry' (OnClassCondition)

   SwaggerConfig#springWebProvider:
      Did not match:
         - @ConditionalOnMissingBean (types: org.springdoc.core.providers.SpringWebProvider; SearchStrategy: all) found beans of type 'org.springdoc.core.providers.SpringWebProvider' springWebProvider (OnBeanCondition)

   SwaggerConfig#swaggerUiConfigParameters:
      Did not match:
         - @ConditionalOnMissingBean (types: org.springdoc.core.properties.SwaggerUiConfigParameters; SearchStrategy: all) found beans of type 'org.springdoc.core.properties.SwaggerUiConfigParameters' org.springdoc.core.properties.SwaggerUiConfigParameters (OnBeanCondition)

   SwaggerConfig#swaggerUiHome:
      Did not match:
         - @ConditionalOnProperty (springdoc.swagger-ui.use-root-path=true) did not find property 'springdoc.swagger-ui.use-root-path' (OnPropertyCondition)

   SwaggerConfig.SwaggerActuatorWelcomeConfiguration:
      Did not match:
         - @ConditionalOnProperty (springdoc.use-management-port) did not find property 'springdoc.use-management-port' (OnPropertyCondition)
      Matched:
         - @ConditionalOnClass found required class 'org.springframework.boot.actuate.endpoint.web.servlet.WebMvcEndpointHandlerMapping' (OnClassCondition)

   TaskExecutorConfigurations.SimpleAsyncTaskExecutorBuilderConfiguration#simpleAsyncTaskExecutorBuilderVirtualThreads:
      Did not match:
         - @ConditionalOnMissingBean (types: org.springframework.boot.task.SimpleAsyncTaskExecutorBuilder; SearchStrategy: all) found beans of type 'org.springframework.boot.task.SimpleAsyncTaskExecutorBuilder' simpleAsyncTaskExecutorBuilder (OnBeanCondition)

   TaskExecutorConfigurations.TaskExecutorConfiguration#applicationTaskExecutorVirtualThreads:
      Did not match:
         - @ConditionalOnThreading did not find VIRTUAL (OnThreadingCondition)

   TaskSchedulingAutoConfiguration#scheduledBeanLazyInitializationExcludeFilter:
      Did not match:
         - @ConditionalOnBean (names: org.springframework.context.annotation.internalScheduledAnnotationProcessor; SearchStrategy: all) did not find any beans named org.springframework.context.annotation.internalScheduledAnnotationProcessor (OnBeanCondition)

   TaskSchedulingConfigurations.SimpleAsyncTaskSchedulerBuilderConfiguration#simpleAsyncTaskSchedulerBuilderVirtualThreads:
      Did not match:
         - @ConditionalOnMissingBean (types: org.springframework.boot.task.SimpleAsyncTaskSchedulerBuilder; SearchStrategy: all) found beans of type 'org.springframework.boot.task.SimpleAsyncTaskSchedulerBuilder' simpleAsyncTaskSchedulerBuilder (OnBeanCondition)

   TaskSchedulingConfigurations.TaskSchedulerConfiguration:
      Did not match:
         - @ConditionalOnBean (names: org.springframework.context.annotation.internalScheduledAnnotationProcessor; SearchStrategy: all) did not find any beans named org.springframework.context.annotation.internalScheduledAnnotationProcessor (OnBeanCondition)

   ThreadDumpEndpointAutoConfiguration:
      Did not match:
         - @ConditionalOnAvailableEndpoint no 'management.endpoints' property marked it as exposed (OnAvailableEndpointCondition)

   ThymeleafAutoConfiguration:
      Did not match:
         - @ConditionalOnClass did not find required class 'org.thymeleaf.spring6.SpringTemplateEngine' (OnClassCondition)

   TransactionAutoConfiguration#transactionalOperator:
      Did not match:
         - @ConditionalOnSingleCandidate (types: org.springframework.transaction.ReactiveTransactionManager; SearchStrategy: all) did not find any beans (OnBeanCondition)

   TransactionAutoConfiguration.AspectJTransactionManagementConfiguration:
      Did not match:
         - @ConditionalOnBean (types: org.springframework.transaction.aspectj.AbstractTransactionAspect; SearchStrategy: all) did not find any beans of type org.springframework.transaction.aspectj.AbstractTransactionAspect (OnBeanCondition)

   TransactionAutoConfiguration.EnableTransactionManagementConfiguration.JdkDynamicAutoProxyConfiguration:
      Did not match:
         - @ConditionalOnProperty (spring.aop.proxy-target-class=false) did not find property 'proxy-target-class' (OnPropertyCondition)

   ValidationAutoConfiguration:
      Did not match:
         - @ConditionalOnResource did not find resource 'classpath:META-INF/services/jakarta.validation.spi.ValidationProvider' (OnResourceCondition)
      Matched:
         - @ConditionalOnClass found required class 'jakarta.validation.executable.ExecutableValidator' (OnClassCondition)

   WavefrontAutoConfiguration:
      Did not match:
         - @ConditionalOnClass did not find required class 'com.wavefront.sdk.common.application.ApplicationTags' (OnClassCondition)

   WavefrontMetricsExportAutoConfiguration:
      Did not match:
         - @ConditionalOnClass did not find required class 'com.wavefront.sdk.common.WavefrontSender' (OnClassCondition)

   WavefrontTracingAutoConfiguration:
      Did not match:
         - @ConditionalOnClass did not find required class 'com.wavefront.sdk.common.WavefrontSender' (OnClassCondition)

   WebClientAutoConfiguration:
      Did not match:
         - @ConditionalOnClass did not find required class 'org.springframework.web.reactive.function.client.WebClient' (OnClassCondition)

   WebClientObservationConfiguration:
      Did not match:
         - @ConditionalOnClass did not find required class 'org.springframework.web.reactive.function.client.WebClient' (OnClassCondition)

   WebFluxAutoConfiguration:
      Did not match:
         - @ConditionalOnClass did not find required class 'org.springframework.web.reactive.config.WebFluxConfigurer' (OnClassCondition)

   WebFluxEndpointManagementContextConfiguration:
      Did not match:
         - @ConditionalOnClass did not find required class 'org.springframework.web.reactive.DispatcherHandler' (OnClassCondition)

   WebFluxObservationAutoConfiguration:
      Did not match:
         - @ConditionalOnWebApplication did not find reactive web application classes (OnWebApplicationCondition)

   WebMvcAutoConfiguration#hiddenHttpMethodFilter:
      Did not match:
         - @ConditionalOnProperty (spring.mvc.hiddenmethod.filter.enabled) did not find property 'enabled' (OnPropertyCondition)

   WebMvcAutoConfiguration.ProblemDetailsErrorHandlingConfiguration:
      Did not match:
         - @ConditionalOnProperty (spring.mvc.problemdetails.enabled=true) did not find property 'enabled' (OnPropertyCondition)

   WebMvcAutoConfiguration.ResourceChainCustomizerConfiguration:
      Did not match:
         - @ConditionalOnEnabledResourceChain did not find class org.webjars.WebJarAssetLocator (OnEnabledResourceChainCondition)

   WebMvcAutoConfiguration.WebMvcAutoConfigurationAdapter#beanNameViewResolver:
      Did not match:
         - @ConditionalOnMissingBean (types: org.springframework.web.servlet.view.BeanNameViewResolver; SearchStrategy: all) found beans of type 'org.springframework.web.servlet.view.BeanNameViewResolver' beanNameViewResolver (OnBeanCondition)

   WebMvcEndpointManagementContextConfiguration#managementHealthEndpointWebMvcHandlerMapping:
      Did not match:
         - Management Port actual port type (SAME) did not match required type (DIFFERENT) (OnManagementPortCondition)

   WebServiceTemplateAutoConfiguration:
      Did not match:
         - @ConditionalOnClass did not find required class 'org.springframework.oxm.Marshaller' (OnClassCondition)

   WebServicesAutoConfiguration:
      Did not match:
         - @ConditionalOnClass did not find required class 'org.springframework.ws.transport.http.MessageDispatcherServlet' (OnClassCondition)

   WebSessionIdResolverAutoConfiguration:
      Did not match:
         - @ConditionalOnClass did not find required class 'reactor.core.publisher.Mono' (OnClassCondition)

   WebSocketMessagingAutoConfiguration:
      Did not match:
         - @ConditionalOnClass did not find required class 'org.springframework.web.socket.config.annotation.WebSocketMessageBrokerConfigurer' (OnClassCondition)

   WebSocketReactiveAutoConfiguration:
      Did not match:
         - @ConditionalOnWebApplication did not find reactive web application classes (OnWebApplicationCondition)

   WebSocketServletAutoConfiguration.JettyWebSocketConfiguration:
      Did not match:
         - @ConditionalOnClass did not find required class 'org.eclipse.jetty.ee10.websocket.jakarta.server.config.JakartaWebSocketServletContainerInitializer' (OnClassCondition)

   WebSocketServletAutoConfiguration.UndertowWebSocketConfiguration:
      Did not match:
         - @ConditionalOnClass did not find required class 'io.undertow.websockets.jsr.Bootstrap' (OnClassCondition)

   XADataSourceAutoConfiguration:
      Did not match:
         - @ConditionalOnBean (types: org.springframework.boot.jdbc.XADataSourceWrapper; SearchStrategy: all) did not find any beans of type org.springframework.boot.jdbc.XADataSourceWrapper (OnBeanCondition)
      Matched:
         - @ConditionalOnClass found required classes 'javax.sql.DataSource', 'jakarta.transaction.TransactionManager', 'org.springframework.jdbc.datasource.embedded.EmbeddedDatabaseType' (OnClassCondition)

   ZipkinAutoConfiguration:
      Did not match:
         - @ConditionalOnClass did not find required class 'zipkin2.reporter.Encoding' (OnClassCondition)


Exclusions:
-----------

    None


Unconditional classes:
----------------------

    org.springframework.boot.autoconfigure.context.ConfigurationPropertiesAutoConfiguration

    org.springframework.boot.actuate.autoconfigure.availability.AvailabilityHealthContributorAutoConfiguration

    org.springframework.boot.autoconfigure.ssl.SslAutoConfiguration

    org.springframework.boot.actuate.autoconfigure.info.InfoContributorAutoConfiguration

    org.springframework.boot.autoconfigure.context.PropertyPlaceholderAutoConfiguration

    org.springframework.boot.autoconfigure.context.LifecycleAutoConfiguration

    org.springframework.boot.actuate.autoconfigure.metrics.integration.IntegrationMetricsAutoConfiguration

    org.springframework.boot.actuate.autoconfigure.endpoint.EndpointAutoConfiguration

    org.springframework.boot.actuate.autoconfigure.web.server.ManagementContextAutoConfiguration

    org.springframework.boot.actuate.autoconfigure.health.HealthContributorAutoConfiguration

    org.springframework.boot.actuate.autoconfigure.endpoint.jackson.JacksonEndpointAutoConfiguration

    org.springdoc.core.configuration.SpringDocSpecPropertiesConfiguration

    org.springframework.boot.autoconfigure.availability.ApplicationAvailabilityAutoConfiguration

    org.springframework.boot.autoconfigure.info.ProjectInfoAutoConfiguration



2024-11-22T11:33:45.997+05:30  INFO 16468 --- [service] [           main] c.p.app.service.ServiceApplicationTests  : Started ServiceApplicationTests in 36.322 seconds (process running for 45.559)
2024-11-22T11:33:46.464+05:30 DEBUG 16468 --- [service] [           main] o.s.b.a.ApplicationAvailabilityBean      : Application availability state LivenessState changed to CORRECT
2024-11-22T11:33:46.474+05:30 DEBUG 16468 --- [service] [           main] o.s.b.a.ApplicationAvailabilityBean      : Application availability state ReadinessState changed to ACCEPTING_TRAFFIC
2024-11-22T11:33:46.477+05:30 DEBUG 16468 --- [service] [           main] org.springframework.test.context.cache   : Spring test ApplicationContext cache statistics: [DefaultContextCache@5d237827 size = 1, maxSize = 32, parentContextCount = 0, hitCount = 0, missCount = 1, failureCount = 0]
2024-11-22T11:33:46.477+05:30 DEBUG 16468 --- [service] [           main] o.s.t.c.w.ServletTestExecutionListener   : Setting up MockHttpServletRequest, MockHttpServletResponse, ServletWebRequest, and RequestContextHolder for test class com.product.app.service.ServiceApplicationTests
2024-11-22T11:33:46.569+05:30 DEBUG 16468 --- [service] [           main] DependencyInjectionTestExecutionListener : Performing dependency injection for test class com.product.app.service.ServiceApplicationTests
2024-11-22T11:33:46.569+05:30 DEBUG 16468 --- [service] [           main] org.springframework.test.context.cache   : Spring test ApplicationContext cache statistics: [DefaultContextCache@5d237827 size = 1, maxSize = 32, parentContextCount = 0, hitCount = 1, missCount = 1, failureCount = 0]
2024-11-22T11:33:46.571+05:30 DEBUG 16468 --- [service] [           main] org.springframework.test.context.cache   : Spring test ApplicationContext cache statistics: [DefaultContextCache@5d237827 size = 1, maxSize = 32, parentContextCount = 0, hitCount = 2, missCount = 1, failureCount = 0]
2024-11-22T11:33:46.587+05:30 DEBUG 16468 --- [service] [           main] sContextBeforeModesTestExecutionListener : Before test method: class [ServiceApplicationTests], method [contextLoads], class annotated with @DirtiesContext [false] with mode [null], method annotated with @DirtiesContext [false] with mode [null]
2024-11-22T11:33:46.594+05:30 DEBUG 16468 --- [service] [           main] org.springframework.test.context.cache   : Spring test ApplicationContext cache statistics: [DefaultContextCache@5d237827 size = 1, maxSize = 32, parentContextCount = 0, hitCount = 3, missCount = 1, failureCount = 0]
2024-11-22T11:33:46.594+05:30 DEBUG 16468 --- [service] [           main] org.springframework.test.context.cache   : Spring test ApplicationContext cache statistics: [DefaultContextCache@5d237827 size = 1, maxSize = 32, parentContextCount = 0, hitCount = 4, missCount = 1, failureCount = 0]
2024-11-22T11:33:49.075+05:30 DEBUG 16468 --- [service] [           main] org.springframework.test.context.cache   : Spring test ApplicationContext cache statistics: [DefaultContextCache@5d237827 size = 1, maxSize = 32, parentContextCount = 0, hitCount = 5, missCount = 1, failureCount = 0]
2024-11-22T11:33:49.100+05:30 DEBUG 16468 --- [service] [           main] org.springframework.test.context.cache   : Spring test ApplicationContext cache statistics: [DefaultContextCache@5d237827 size = 1, maxSize = 32, parentContextCount = 0, hitCount = 6, missCount = 1, failureCount = 0]
2024-11-22T11:33:49.106+05:30 DEBUG 16468 --- [service] [           main] org.springframework.test.context.cache   : Spring test ApplicationContext cache statistics: [DefaultContextCache@5d237827 size = 1, maxSize = 32, parentContextCount = 0, hitCount = 7, missCount = 1, failureCount = 0]
2024-11-22T11:33:49.109+05:30 DEBUG 16468 --- [service] [           main] org.springframework.test.context.cache   : Spring test ApplicationContext cache statistics: [DefaultContextCache@5d237827 size = 1, maxSize = 32, parentContextCount = 0, hitCount = 8, missCount = 1, failureCount = 0]
2024-11-22T11:33:49.115+05:30 DEBUG 16468 --- [service] [           main] org.springframework.test.context.cache   : Spring test ApplicationContext cache statistics: [DefaultContextCache@5d237827 size = 1, maxSize = 32, parentContextCount = 0, hitCount = 9, missCount = 1, failureCount = 0]
2024-11-22T11:33:49.130+05:30 DEBUG 16468 --- [service] [           main] org.springframework.test.context.cache   : Spring test ApplicationContext cache statistics: [DefaultContextCache@5d237827 size = 1, maxSize = 32, parentContextCount = 0, hitCount = 10, missCount = 1, failureCount = 0]
2024-11-22T11:33:49.156+05:30 DEBUG 16468 --- [service] [           main] org.springframework.test.context.cache   : Spring test ApplicationContext cache statistics: [DefaultContextCache@5d237827 size = 1, maxSize = 32, parentContextCount = 0, hitCount = 11, missCount = 1, failureCount = 0]
2024-11-22T11:33:49.161+05:30 DEBUG 16468 --- [service] [           main] .c.s.DirtiesContextTestExecutionListener : After test method: class [ServiceApplicationTests], method [contextLoads], class annotated with @DirtiesContext [false] with mode [null], method annotated with @DirtiesContext [false] with mode [null]
2024-11-22T11:33:49.161+05:30 DEBUG 16468 --- [service] [           main] o.s.t.c.w.ServletTestExecutionListener   : Resetting RequestContextHolder for test class com.product.app.service.ServiceApplicationTests
]]></system-out>
  </testcase>
</testsuite>